#
# A fatal error has been detected by the Java Runtime Environment:
#
#  SIGSEGV (0xb) at pc=0x00007f7d2e562009, pid=5175, tid=5176
#
# JRE version: OpenJDK Runtime Environment (9.0) (build 9-internal+0-2016-04-14-195246.buildd.src)
# Java VM: OpenJDK 64-Bit Server VM (9-internal+0-2016-04-14-195246.buildd.src, mixed mode, tiered, compressed oops, g1 gc, linux-amd64)
# Problematic frame:
# C  [libjava.so+0x1d009]  JNU_GetEnv+0x19
#
# Core dump will be written. Default location: Core dumps may be processed with "/usr/share/apport/apport %p %s %c %P" (or dumping to /home/haowei/PycharmProject/FIRST/core.5175)
#
# If you would like to submit a bug report, please visit:
#   http://bugreport.java.com/bugreport/crash.jsp
# The crash happened outside the Java Virtual Machine in native code.
# See problematic frame for where to report the bug.
#

---------------  S U M M A R Y ------------

Command Line: spmf.jar

Host: Intel(R) Core(TM) i7-4800MQ CPU @ 2.70GHz, 8 cores, 15G, Ubuntu 16.04.1 LTS
Time: Fri Dec 30 16:42:15 2016 CST elapsed time: 7 seconds (0d 0h 0m 7s)

---------------  T H R E A D  ---------------

Current thread (0x00007f7d28010800):  JavaThread "main" [_thread_in_native, id=5176, stack(0x00007f7d312c2000,0x00007f7d313c3000)]

Stack: [0x00007f7d312c2000,0x00007f7d313c3000],  sp=0x00007f7d313bfc50,  free space=1015k
Native frames: (J=compiled Java code, j=interpreted, Vv=VM code, C=native code)
C  [libjava.so+0x1d009]  JNU_GetEnv+0x19
C  [libfontmanager.so+0x33f8e]
C  [libfreetype.so.6+0x14d1b]  FT_Stream_Seek+0x1b

Java frames: (J=compiled Java code, j=interpreted, Vv=VM code)
j  sun.font.FreetypeFontScaler.initNativeScaler(Lsun/font/Font2D;IIZI)J+0 java.desktop@9-internal
j  sun.font.FreetypeFontScaler.<init>(Lsun/font/Font2D;IZI)V+26 java.desktop@9-internal
v  ~StubRoutines::call_stub
j  sun.reflect.NativeConstructorAccessorImpl.newInstance0(Ljava/lang/reflect/Constructor;[Ljava/lang/Object;)Ljava/lang/Object;+0 java.base@9-internal
j  sun.reflect.NativeConstructorAccessorImpl.newInstance([Ljava/lang/Object;)Ljava/lang/Object;+85 java.base@9-internal
j  sun.reflect.DelegatingConstructorAccessorImpl.newInstance([Ljava/lang/Object;)Ljava/lang/Object;+5 java.base@9-internal
j  java.lang.reflect.Constructor.newInstance([Ljava/lang/Object;)Ljava/lang/Object;+65 java.base@9-internal
j  sun.font.FontScaler.getScaler(Lsun/font/Font2D;IZI)Lsun/font/FontScaler;+39 java.desktop@9-internal
j  sun.font.TrueTypeFont.getScaler()Lsun/font/FontScaler;+21 java.desktop@9-internal
j  sun.font.FileFontStrike.<init>(Lsun/font/FileFont;Lsun/font/FontStrikeDesc;)V+204 java.desktop@9-internal
j  sun.font.FileFont.createStrike(Lsun/font/FontStrikeDesc;)Lsun/font/FontStrike;+18 java.desktop@9-internal
j  sun.font.Font2D.getStrike(Lsun/font/FontStrikeDesc;Z)Lsun/font/FontStrike;+92 java.desktop@9-internal
j  sun.font.Font2D.getStrike(Lsun/font/FontStrikeDesc;)Lsun/font/FontStrike;+3 java.desktop@9-internal
j  sun.font.CompositeStrike.getStrikeForSlot(I)Lsun/font/PhysicalStrike;+23 java.desktop@9-internal
j  sun.font.CompositeStrike.getFontMetrics()Lsun/font/StrikeMetrics;+31 java.desktop@9-internal
j  sun.font.FontDesignMetrics.initMatrixAndMetrics()V+28 java.desktop@9-internal
j  sun.font.FontDesignMetrics.<init>(Ljava/awt/Font;Ljava/awt/font/FontRenderContext;)V+62 java.desktop@9-internal
j  sun.font.FontDesignMetrics.getMetrics(Ljava/awt/Font;Ljava/awt/font/FontRenderContext;)Lsun/font/FontDesignMetrics;+128 java.desktop@9-internal
j  sun.swing.SwingUtilities2.getFontMetrics(Ljavax/swing/JComponent;Ljava/awt/Font;)Ljava/awt/FontMetrics;+15 java.desktop@9-internal
j  javax.swing.JComponent.getFontMetrics(Ljava/awt/Font;)Ljava/awt/FontMetrics;+2 java.desktop@9-internal
j  javax.swing.plaf.basic.BasicLabelUI.getPreferredSize(Ljavax/swing/JComponent;)Ljava/awt/Dimension;+144 java.desktop@9-internal
j  javax.swing.JComponent.getPreferredSize()Ljava/awt/Dimension;+26 java.desktop@9-internal
j  javax.swing.plaf.basic.BasicComboBoxRenderer.getPreferredSize()Ljava/awt/Dimension;+26 java.desktop@9-internal
j  javax.swing.plaf.basic.BasicListUI.updateLayoutState()V+162 java.desktop@9-internal
j  javax.swing.plaf.basic.BasicListUI.maybeUpdateLayoutState()V+8 java.desktop@9-internal
j  javax.swing.plaf.basic.BasicListUI$Handler.valueChanged(Ljavax/swing/event/ListSelectionEvent;)V+4 java.desktop@9-internal
j  javax.swing.DefaultListSelectionModel.fireValueChanged(IIZ)V+64 java.desktop@9-internal
j  javax.swing.DefaultListSelectionModel.fireValueChanged(II)V+7 java.desktop@9-internal
j  javax.swing.DefaultListSelectionModel.fireValueChanged()V+70 java.desktop@9-internal
j  javax.swing.DefaultListSelectionModel.changeSelection(IIIIZ)V+92 java.desktop@9-internal
j  javax.swing.DefaultListSelectionModel.changeSelection(IIII)V+7 java.desktop@9-internal
j  javax.swing.DefaultListSelectionModel.setSelectionInterval(II)V+59 java.desktop@9-internal
j  javax.swing.JList.setSelectedIndex(I)V+20 java.desktop@9-internal
j  javax.swing.plaf.basic.BasicComboPopup.setListSelection(I)V+20 java.desktop@9-internal
j  javax.swing.plaf.basic.BasicComboPopup.access$300(Ljavax/swing/plaf/basic/BasicComboPopup;I)V+2 java.desktop@9-internal
j  javax.swing.plaf.basic.BasicComboPopup$Handler.itemStateChanged(Ljava/awt/event/ItemEvent;)V+24 java.desktop@9-internal
j  javax.swing.JComboBox.fireItemStateChanged(Ljava/awt/event/ItemEvent;)V+34 java.desktop@9-internal
j  javax.swing.JComboBox.selectedItemChanged()V+64 java.desktop@9-internal
j  javax.swing.JComboBox.contentsChanged(Ljavax/swing/event/ListDataEvent;)V+28 java.desktop@9-internal
j  javax.swing.AbstractListModel.fireContentsChanged(Ljava/lang/Object;II)V+64 java.desktop@9-internal
j  javax.swing.DefaultComboBoxModel.setSelectedItem(Ljava/lang/Object;)V+38 java.desktop@9-internal
j  javax.swing.DefaultComboBoxModel.addElement(Ljava/lang/Object;)V+55 java.desktop@9-internal
j  javax.swing.JComboBox.addItem(Ljava/lang/Object;)V+12 java.desktop@9-internal
j  ca.pfv.spmf.gui.MainWindow.<init>()V+150
j  ca.pfv.spmf.gui.Main.main([Ljava/lang/String;)V+16
v  ~StubRoutines::call_stub

siginfo: si_signo: 11 (SIGSEGV), si_code: 1 (SEGV_MAPERR), si_addr: 0x0000000000000000

Register to memory mapping:

RAX=0x0000000000000000 is an unknown value
RBX=0x0000000000000000 is an unknown value
RCX=0x0000000000000000 is an unknown value
RDX=0x0000000000010002 is an unknown value
RSP=0x00007f7d313bfc50 is pointing into the stack for thread: 0x00007f7d28010800
RBP=0x00007f7d313bfc60 is pointing into the stack for thread: 0x00007f7d28010800
RSI=0x0000000000010002 is an unknown value
RDI=0x0000000000000000 is an unknown value
R8 =0x0000000000000000 is an unknown value
R9 =0x0000000000000000 is an unknown value
R10=0x00000000000001db is an unknown value
R11=0x00007f7d2e561ff0: JNU_GetEnv+0x0000000000000000 in /usr/lib/jvm/java-9-openjdk-amd64/lib/amd64/libjava.so at 0x00007f7d2e545000
R12=0x00007f7d28c1ece0 is an unknown value
R13=0x0000000000000000 is an unknown value
R14=0x0000000000000000 is an unknown value
R15=0x00007f7d28c1f0c0 is an unknown value


Registers:
RAX=0x0000000000000000, RBX=0x0000000000000000, RCX=0x0000000000000000, RDX=0x0000000000010002
RSP=0x00007f7d313bfc50, RBP=0x00007f7d313bfc60, RSI=0x0000000000010002, RDI=0x0000000000000000
R8 =0x0000000000000000, R9 =0x0000000000000000, R10=0x00000000000001db, R11=0x00007f7d2e561ff0
R12=0x00007f7d28c1ece0, R13=0x0000000000000000, R14=0x0000000000000000, R15=0x00007f7d28c1f0c0
RIP=0x00007f7d2e562009, EFLAGS=0x0000000000010246, CSGSFS=0x0000000000000033, ERR=0x0000000000000004
  TRAPNO=0x000000000000000e

Top of Stack: (sp=0x00007f7d313bfc50)
0x00007f7d313bfc50:   0000000000000000 e6e540a645b6c000
0x00007f7d313bfc60:   00007f7d313bfca0 00007f7ca8fe4f8e
0x00007f7d313bfc70:   00007f7d28c1d9b0 00007f7d28c1ece0
0x00007f7d313bfc80:   0000000000000000 0000000000000000
0x00007f7d313bfc90:   00007f7d28c1ece0 00007f7d28c1f0c0
0x00007f7d313bfca0:   0000000000000000 00007f7ca8d1bd1b
0x00007f7d313bfcb0:   0000000000000000 00007f7ca8fadd80
0x00007f7d313bfcc0:   0000000000000000 00007f7ca8d2f8d0
0x00007f7d313bfcd0:   0000000000000002 0000003200000008
0x00007f7d313bfce0:   0000000000000000 0000000000000000
0x00007f7d313bfcf0:   0000006e0000005b 0000000000000000
0x00007f7d313bfd00:   0000000000000000 0000007c00000077
0x00007f7d313bfd10:   0000000000000000 0000000000000000
0x00007f7d313bfd20:   000000004e8b41d0 468b41e04e8b45e8
0x00007f7d313bfd30:   0000000000000000 00007f7d28000020
0x00007f7d313bfd40:   0000000000000070 00007f7d313bfdf4
0x00007f7d313bfd50:   00007f7d28c1d9b0 00007f7d28c1f0c0
0x00007f7d313bfd60:   00007f7d313bfdf4 00007f7d30c6f5d4
0x00007f7d313bfd70:   00007f7d313bfec0 00007f7d313bfda4
0x00007f7d313bfd80:   00007f7ca8faa9e0 e6e540a645b6c000
0x00007f7d313bfd90:   0000000000000070 00007f7d28c1edf0
0x00007f7d313bfda0:   00007f7ca8faa9e0 00007f7d313bfeb8
0x00007f7d313bfdb0:   00007f7d28c1d9b0 00007f7d28c1f0c0
0x00007f7d313bfdc0:   00007f7d28c1e3b0 00007f7ca8d1e4b2
0x00007f7d313bfdd0:   0000000100000000 00007f7d313bfec0
0x00007f7d313bfde0:   0000000000000000 0000000000000000
0x00007f7d313bfdf0:   00000000313bfeb8 e6e540a645b6c000
0x00007f7d313bfe00:   00007f7d28c1edf0 00007f7d313bfec0
0x00007f7d313bfe10:   0000000000000000 00007f7d28c1d8d8
0x00007f7d313bfe20:   00007f7d313c00c0 00007f7d28c1d838
0x00007f7d313bfe30:   00007f7d28c1d9b0 00007f7ca8d20571
0x00007f7d313bfe40:   00007f7d313bfec0 00007f7ca8d20366 

Instructions: (pc=0x00007f7d2e562009)
0x00007f7d2e561fe9:   ff eb ea 0f 1f 40 00 55 89 f2 48 89 e5 48 83 ec
0x00007f7d2e561ff9:   10 64 48 8b 04 25 28 00 00 00 48 89 45 f8 31 c0
0x00007f7d2e562009:   48 8b 07 48 8d 75 f0 ff 50 30 48 8b 4d f8 64 48
0x00007f7d2e562019:   33 0c 25 28 00 00 00 48 8b 45 f0 75 02 c9 c3 e8 


---------------  P R O C E S S  ---------------

Java Threads: ( => current thread )
  0x00007f7c64001000 JavaThread "SeedGenerator Thread" daemon [_thread_blocked, id=5237, stack(0x00007f7ca80ce000,0x00007f7ca81cf000)]
  0x00007f7d28bf6800 JavaThread "SeedGenerator Thread" daemon [_thread_in_Java, id=5216, stack(0x00007f7c6bcff000,0x00007f7c6be00000)]
  0x00007f7d283e6000 JavaThread "AWT-XAWT" daemon [_thread_in_native, id=5211, stack(0x00007f7ca84d0000,0x00007f7ca85d1000)]
  0x00007f7d283c8000 JavaThread "Java2D Disposer" daemon [_thread_blocked, id=5210, stack(0x00007f7ca89e1000,0x00007f7ca8ae2000)]
  0x00007f7d28306000 JavaThread "Service Thread" daemon [_thread_blocked, id=5208, stack(0x00007f7caaa40000,0x00007f7caab41000)]
  0x00007f7d28278000 JavaThread "Common-Cleaner" daemon [_thread_blocked, id=5207, stack(0x00007f7caab41000,0x00007f7caac42000)]
  0x00007f7d28260800 JavaThread "Sweeper thread" daemon [_thread_blocked, id=5206, stack(0x00007f7cab36d000,0x00007f7cab46e000)]
  0x00007f7d28256800 JavaThread "C1 CompilerThread3" daemon [_thread_blocked, id=5205, stack(0x00007f7cab46e000,0x00007f7cab56f000)]
  0x00007f7d28254800 JavaThread "C2 CompilerThread2" daemon [_thread_in_native, id=5204, stack(0x00007f7cab56f000,0x00007f7cab670000)]
  0x00007f7d28252800 JavaThread "C2 CompilerThread1" daemon [_thread_in_native, id=5203, stack(0x00007f7cab670000,0x00007f7cab771000)]
  0x00007f7d28250800 JavaThread "C2 CompilerThread0" daemon [_thread_in_native, id=5202, stack(0x00007f7cab771000,0x00007f7cab872000)]
  0x00007f7d2824c800 JavaThread "Signal Dispatcher" daemon [_thread_blocked, id=5201, stack(0x00007f7cab872000,0x00007f7cab973000)]
  0x00007f7d2824a000 JavaThread "Surrogate Locker Thread (Concurrent GC)" daemon [_thread_blocked, id=5200, stack(0x00007f7cab973000,0x00007f7caba74000)]
  0x00007f7d28238800 JavaThread "Finalizer" daemon [_thread_blocked, id=5199, stack(0x00007f7cabeff000,0x00007f7cac000000)]
  0x00007f7d28234800 JavaThread "Reference Handler" daemon [_thread_blocked, id=5198, stack(0x00007f7cc0060000,0x00007f7cc0161000)]
=>0x00007f7d28010800 JavaThread "main" [_thread_in_native, id=5176, stack(0x00007f7d312c2000,0x00007f7d313c3000)]

Other Threads:
  0x00007f7d2822a800 VMThread [stack: 0x00007f7cc0161000,0x00007f7cc0262000] [id=5197]
  0x00007f7d28308800 WatcherThread [stack: 0x00007f7caa93f000,0x00007f7caaa40000] [id=5209]

Threads with active compile tasks:
C2 CompilerThread2 625       4       java.util.HashMap::putVal (300 bytes)
C2 CompilerThread1 627       4       java.util.concurrent.ConcurrentHashMap::setTabAt (20 bytes)
C2 CompilerThread0 623       4       java.util.Properties::saveConvert (434 bytes)

VM state:not at safepoint (normal execution)

VM Mutex/Monitor currently owned by a thread: None

heap address: 0x00000006c7000000, size: 3984 MB, Compressed Oops mode: Zero based, Oop shift amount: 3
Narrow klass base: 0x0000000000000000, Narrow klass shift: 3
Compressed class space size: 1073741824 Address: 0x00000007c0000000

Heap:
 garbage-first heap   total 256000K, used 7168K [0x00000006c7000000, 0x00000006c71007d0, 0x00000007c0000000)
  region size 1024K, 8 young (8192K), 0 survivors (0K)
 Metaspace       used 12779K, capacity 13184K, committed 13312K, reserved 1060864K
  class space    used 1572K, capacity 1733K, committed 1792K, reserved 1048576K

Heap Regions: E=young(eden), S=young(survivor), O=old, HS=humongous(starts), HC=humongous(continues), CS=collection set, F=free, A=archive, TS=gc time stamp, AC=allocation context, TAMS=top-at-mark-start (previous, next)
|   0|0x00000006c7000000, 0x00000006c7000000, 0x00000006c7100000|  0%| F|  |TS  0|AC  0|TAMS 0x00000006c7000000, 0x00000006c7000000|
|   1|0x00000006c7100000, 0x00000006c7100000, 0x00000006c7200000|  0%| F|  |TS  0|AC  0|TAMS 0x00000006c7100000, 0x00000006c7100000|
|   2|0x00000006c7200000, 0x00000006c7200000, 0x00000006c7300000|  0%| F|  |TS  0|AC  0|TAMS 0x00000006c7200000, 0x00000006c7200000|
|   3|0x00000006c7300000, 0x00000006c7300000, 0x00000006c7400000|  0%| F|  |TS  0|AC  0|TAMS 0x00000006c7300000, 0x00000006c7300000|
|   4|0x00000006c7400000, 0x00000006c7400000, 0x00000006c7500000|  0%| F|  |TS  0|AC  0|TAMS 0x00000006c7400000, 0x00000006c7400000|
|   5|0x00000006c7500000, 0x00000006c7500000, 0x00000006c7600000|  0%| F|  |TS  0|AC  0|TAMS 0x00000006c7500000, 0x00000006c7500000|
|   6|0x00000006c7600000, 0x00000006c7600000, 0x00000006c7700000|  0%| F|  |TS  0|AC  0|TAMS 0x00000006c7600000, 0x00000006c7600000|
|   7|0x00000006c7700000, 0x00000006c7700000, 0x00000006c7800000|  0%| F|  |TS  0|AC  0|TAMS 0x00000006c7700000, 0x00000006c7700000|
|   8|0x00000006c7800000, 0x00000006c7800000, 0x00000006c7900000|  0%| F|  |TS  0|AC  0|TAMS 0x00000006c7800000, 0x00000006c7800000|
|   9|0x00000006c7900000, 0x00000006c7900000, 0x00000006c7a00000|  0%| F|  |TS  0|AC  0|TAMS 0x00000006c7900000, 0x00000006c7900000|
|  10|0x00000006c7a00000, 0x00000006c7a00000, 0x00000006c7b00000|  0%| F|  |TS  0|AC  0|TAMS 0x00000006c7a00000, 0x00000006c7a00000|
|  11|0x00000006c7b00000, 0x00000006c7b00000, 0x00000006c7c00000|  0%| F|  |TS  0|AC  0|TAMS 0x00000006c7b00000, 0x00000006c7b00000|
|  12|0x00000006c7c00000, 0x00000006c7c00000, 0x00000006c7d00000|  0%| F|  |TS  0|AC  0|TAMS 0x00000006c7c00000, 0x00000006c7c00000|
|  13|0x00000006c7d00000, 0x00000006c7d00000, 0x00000006c7e00000|  0%| F|  |TS  0|AC  0|TAMS 0x00000006c7d00000, 0x00000006c7d00000|
|  14|0x00000006c7e00000, 0x00000006c7e00000, 0x00000006c7f00000|  0%| F|  |TS  0|AC  0|TAMS 0x00000006c7e00000, 0x00000006c7e00000|
|  15|0x00000006c7f00000, 0x00000006c7f00000, 0x00000006c8000000|  0%| F|  |TS  0|AC  0|TAMS 0x00000006c7f00000, 0x00000006c7f00000|
|  16|0x00000006c8000000, 0x00000006c8000000, 0x00000006c8100000|  0%| F|  |TS  0|AC  0|TAMS 0x00000006c8000000, 0x00000006c8000000|
|  17|0x00000006c8100000, 0x00000006c8100000, 0x00000006c8200000|  0%| F|  |TS  0|AC  0|TAMS 0x00000006c8100000, 0x00000006c8100000|
|  18|0x00000006c8200000, 0x00000006c8200000, 0x00000006c8300000|  0%| F|  |TS  0|AC  0|TAMS 0x00000006c8200000, 0x00000006c8200000|
|  19|0x00000006c8300000, 0x00000006c8300000, 0x00000006c8400000|  0%| F|  |TS  0|AC  0|TAMS 0x00000006c8300000, 0x00000006c8300000|
|  20|0x00000006c8400000, 0x00000006c8400000, 0x00000006c8500000|  0%| F|  |TS  0|AC  0|TAMS 0x00000006c8400000, 0x00000006c8400000|
|  21|0x00000006c8500000, 0x00000006c8500000, 0x00000006c8600000|  0%| F|  |TS  0|AC  0|TAMS 0x00000006c8500000, 0x00000006c8500000|
|  22|0x00000006c8600000, 0x00000006c8600000, 0x00000006c8700000|  0%| F|  |TS  0|AC  0|TAMS 0x00000006c8600000, 0x00000006c8600000|
|  23|0x00000006c8700000, 0x00000006c8700000, 0x00000006c8800000|  0%| F|  |TS  0|AC  0|TAMS 0x00000006c8700000, 0x00000006c8700000|
|  24|0x00000006c8800000, 0x00000006c8800000, 0x00000006c8900000|  0%| F|  |TS  0|AC  0|TAMS 0x00000006c8800000, 0x00000006c8800000|
|  25|0x00000006c8900000, 0x00000006c8900000, 0x00000006c8a00000|  0%| F|  |TS  0|AC  0|TAMS 0x00000006c8900000, 0x00000006c8900000|
|  26|0x00000006c8a00000, 0x00000006c8a00000, 0x00000006c8b00000|  0%| F|  |TS  0|AC  0|TAMS 0x00000006c8a00000, 0x00000006c8a00000|
|  27|0x00000006c8b00000, 0x00000006c8b00000, 0x00000006c8c00000|  0%| F|  |TS  0|AC  0|TAMS 0x00000006c8b00000, 0x00000006c8b00000|
|  28|0x00000006c8c00000, 0x00000006c8c00000, 0x00000006c8d00000|  0%| F|  |TS  0|AC  0|TAMS 0x00000006c8c00000, 0x00000006c8c00000|
|  29|0x00000006c8d00000, 0x00000006c8d00000, 0x00000006c8e00000|  0%| F|  |TS  0|AC  0|TAMS 0x00000006c8d00000, 0x00000006c8d00000|
|  30|0x00000006c8e00000, 0x00000006c8e00000, 0x00000006c8f00000|  0%| F|  |TS  0|AC  0|TAMS 0x00000006c8e00000, 0x00000006c8e00000|
|  31|0x00000006c8f00000, 0x00000006c8f00000, 0x00000006c9000000|  0%| F|  |TS  0|AC  0|TAMS 0x00000006c8f00000, 0x00000006c8f00000|
|  32|0x00000006c9000000, 0x00000006c9000000, 0x00000006c9100000|  0%| F|  |TS  0|AC  0|TAMS 0x00000006c9000000, 0x00000006c9000000|
|  33|0x00000006c9100000, 0x00000006c9100000, 0x00000006c9200000|  0%| F|  |TS  0|AC  0|TAMS 0x00000006c9100000, 0x00000006c9100000|
|  34|0x00000006c9200000, 0x00000006c9200000, 0x00000006c9300000|  0%| F|  |TS  0|AC  0|TAMS 0x00000006c9200000, 0x00000006c9200000|
|  35|0x00000006c9300000, 0x00000006c9300000, 0x00000006c9400000|  0%| F|  |TS  0|AC  0|TAMS 0x00000006c9300000, 0x00000006c9300000|
|  36|0x00000006c9400000, 0x00000006c9400000, 0x00000006c9500000|  0%| F|  |TS  0|AC  0|TAMS 0x00000006c9400000, 0x00000006c9400000|
|  37|0x00000006c9500000, 0x00000006c9500000, 0x00000006c9600000|  0%| F|  |TS  0|AC  0|TAMS 0x00000006c9500000, 0x00000006c9500000|
|  38|0x00000006c9600000, 0x00000006c9600000, 0x00000006c9700000|  0%| F|  |TS  0|AC  0|TAMS 0x00000006c9600000, 0x00000006c9600000|
|  39|0x00000006c9700000, 0x00000006c9700000, 0x00000006c9800000|  0%| F|  |TS  0|AC  0|TAMS 0x00000006c9700000, 0x00000006c9700000|
|  40|0x00000006c9800000, 0x00000006c9800000, 0x00000006c9900000|  0%| F|  |TS  0|AC  0|TAMS 0x00000006c9800000, 0x00000006c9800000|
|  41|0x00000006c9900000, 0x00000006c9900000, 0x00000006c9a00000|  0%| F|  |TS  0|AC  0|TAMS 0x00000006c9900000, 0x00000006c9900000|
|  42|0x00000006c9a00000, 0x00000006c9a00000, 0x00000006c9b00000|  0%| F|  |TS  0|AC  0|TAMS 0x00000006c9a00000, 0x00000006c9a00000|
|  43|0x00000006c9b00000, 0x00000006c9b00000, 0x00000006c9c00000|  0%| F|  |TS  0|AC  0|TAMS 0x00000006c9b00000, 0x00000006c9b00000|
|  44|0x00000006c9c00000, 0x00000006c9c00000, 0x00000006c9d00000|  0%| F|  |TS  0|AC  0|TAMS 0x00000006c9c00000, 0x00000006c9c00000|
|  45|0x00000006c9d00000, 0x00000006c9d00000, 0x00000006c9e00000|  0%| F|  |TS  0|AC  0|TAMS 0x00000006c9d00000, 0x00000006c9d00000|
|  46|0x00000006c9e00000, 0x00000006c9e00000, 0x00000006c9f00000|  0%| F|  |TS  0|AC  0|TAMS 0x00000006c9e00000, 0x00000006c9e00000|
|  47|0x00000006c9f00000, 0x00000006c9f00000, 0x00000006ca000000|  0%| F|  |TS  0|AC  0|TAMS 0x00000006c9f00000, 0x00000006c9f00000|
|  48|0x00000006ca000000, 0x00000006ca000000, 0x00000006ca100000|  0%| F|  |TS  0|AC  0|TAMS 0x00000006ca000000, 0x00000006ca000000|
|  49|0x00000006ca100000, 0x00000006ca100000, 0x00000006ca200000|  0%| F|  |TS  0|AC  0|TAMS 0x00000006ca100000, 0x00000006ca100000|
|  50|0x00000006ca200000, 0x00000006ca200000, 0x00000006ca300000|  0%| F|  |TS  0|AC  0|TAMS 0x00000006ca200000, 0x00000006ca200000|
|  51|0x00000006ca300000, 0x00000006ca300000, 0x00000006ca400000|  0%| F|  |TS  0|AC  0|TAMS 0x00000006ca300000, 0x00000006ca300000|
|  52|0x00000006ca400000, 0x00000006ca400000, 0x00000006ca500000|  0%| F|  |TS  0|AC  0|TAMS 0x00000006ca400000, 0x00000006ca400000|
|  53|0x00000006ca500000, 0x00000006ca500000, 0x00000006ca600000|  0%| F|  |TS  0|AC  0|TAMS 0x00000006ca500000, 0x00000006ca500000|
|  54|0x00000006ca600000, 0x00000006ca600000, 0x00000006ca700000|  0%| F|  |TS  0|AC  0|TAMS 0x00000006ca600000, 0x00000006ca600000|
|  55|0x00000006ca700000, 0x00000006ca700000, 0x00000006ca800000|  0%| F|  |TS  0|AC  0|TAMS 0x00000006ca700000, 0x00000006ca700000|
|  56|0x00000006ca800000, 0x00000006ca800000, 0x00000006ca900000|  0%| F|  |TS  0|AC  0|TAMS 0x00000006ca800000, 0x00000006ca800000|
|  57|0x00000006ca900000, 0x00000006ca900000, 0x00000006caa00000|  0%| F|  |TS  0|AC  0|TAMS 0x00000006ca900000, 0x00000006ca900000|
|  58|0x00000006caa00000, 0x00000006caa00000, 0x00000006cab00000|  0%| F|  |TS  0|AC  0|TAMS 0x00000006caa00000, 0x00000006caa00000|
|  59|0x00000006cab00000, 0x00000006cab00000, 0x00000006cac00000|  0%| F|  |TS  0|AC  0|TAMS 0x00000006cab00000, 0x00000006cab00000|
|  60|0x00000006cac00000, 0x00000006cac00000, 0x00000006cad00000|  0%| F|  |TS  0|AC  0|TAMS 0x00000006cac00000, 0x00000006cac00000|
|  61|0x00000006cad00000, 0x00000006cad00000, 0x00000006cae00000|  0%| F|  |TS  0|AC  0|TAMS 0x00000006cad00000, 0x00000006cad00000|
|  62|0x00000006cae00000, 0x00000006cae00000, 0x00000006caf00000|  0%| F|  |TS  0|AC  0|TAMS 0x00000006cae00000, 0x00000006cae00000|
|  63|0x00000006caf00000, 0x00000006caf00000, 0x00000006cb000000|  0%| F|  |TS  0|AC  0|TAMS 0x00000006caf00000, 0x00000006caf00000|
|  64|0x00000006cb000000, 0x00000006cb000000, 0x00000006cb100000|  0%| F|  |TS  0|AC  0|TAMS 0x00000006cb000000, 0x00000006cb000000|
|  65|0x00000006cb100000, 0x00000006cb100000, 0x00000006cb200000|  0%| F|  |TS  0|AC  0|TAMS 0x00000006cb100000, 0x00000006cb100000|
|  66|0x00000006cb200000, 0x00000006cb200000, 0x00000006cb300000|  0%| F|  |TS  0|AC  0|TAMS 0x00000006cb200000, 0x00000006cb200000|
|  67|0x00000006cb300000, 0x00000006cb300000, 0x00000006cb400000|  0%| F|  |TS  0|AC  0|TAMS 0x00000006cb300000, 0x00000006cb300000|
|  68|0x00000006cb400000, 0x00000006cb400000, 0x00000006cb500000|  0%| F|  |TS  0|AC  0|TAMS 0x00000006cb400000, 0x00000006cb400000|
|  69|0x00000006cb500000, 0x00000006cb500000, 0x00000006cb600000|  0%| F|  |TS  0|AC  0|TAMS 0x00000006cb500000, 0x00000006cb500000|
|  70|0x00000006cb600000, 0x00000006cb600000, 0x00000006cb700000|  0%| F|  |TS  0|AC  0|TAMS 0x00000006cb600000, 0x00000006cb600000|
|  71|0x00000006cb700000, 0x00000006cb700000, 0x00000006cb800000|  0%| F|  |TS  0|AC  0|TAMS 0x00000006cb700000, 0x00000006cb700000|
|  72|0x00000006cb800000, 0x00000006cb800000, 0x00000006cb900000|  0%| F|  |TS  0|AC  0|TAMS 0x00000006cb800000, 0x00000006cb800000|
|  73|0x00000006cb900000, 0x00000006cb900000, 0x00000006cba00000|  0%| F|  |TS  0|AC  0|TAMS 0x00000006cb900000, 0x00000006cb900000|
|  74|0x00000006cba00000, 0x00000006cba00000, 0x00000006cbb00000|  0%| F|  |TS  0|AC  0|TAMS 0x00000006cba00000, 0x00000006cba00000|
|  75|0x00000006cbb00000, 0x00000006cbb00000, 0x00000006cbc00000|  0%| F|  |TS  0|AC  0|TAMS 0x00000006cbb00000, 0x00000006cbb00000|
|  76|0x00000006cbc00000, 0x00000006cbc00000, 0x00000006cbd00000|  0%| F|  |TS  0|AC  0|TAMS 0x00000006cbc00000, 0x00000006cbc00000|
|  77|0x00000006cbd00000, 0x00000006cbd00000, 0x00000006cbe00000|  0%| F|  |TS  0|AC  0|TAMS 0x00000006cbd00000, 0x00000006cbd00000|
|  78|0x00000006cbe00000, 0x00000006cbe00000, 0x00000006cbf00000|  0%| F|  |TS  0|AC  0|TAMS 0x00000006cbe00000, 0x00000006cbe00000|
|  79|0x00000006cbf00000, 0x00000006cbf00000, 0x00000006cc000000|  0%| F|  |TS  0|AC  0|TAMS 0x00000006cbf00000, 0x00000006cbf00000|
|  80|0x00000006cc000000, 0x00000006cc000000, 0x00000006cc100000|  0%| F|  |TS  0|AC  0|TAMS 0x00000006cc000000, 0x00000006cc000000|
|  81|0x00000006cc100000, 0x00000006cc100000, 0x00000006cc200000|  0%| F|  |TS  0|AC  0|TAMS 0x00000006cc100000, 0x00000006cc100000|
|  82|0x00000006cc200000, 0x00000006cc200000, 0x00000006cc300000|  0%| F|  |TS  0|AC  0|TAMS 0x00000006cc200000, 0x00000006cc200000|
|  83|0x00000006cc300000, 0x00000006cc300000, 0x00000006cc400000|  0%| F|  |TS  0|AC  0|TAMS 0x00000006cc300000, 0x00000006cc300000|
|  84|0x00000006cc400000, 0x00000006cc400000, 0x00000006cc500000|  0%| F|  |TS  0|AC  0|TAMS 0x00000006cc400000, 0x00000006cc400000|
|  85|0x00000006cc500000, 0x00000006cc500000, 0x00000006cc600000|  0%| F|  |TS  0|AC  0|TAMS 0x00000006cc500000, 0x00000006cc500000|
|  86|0x00000006cc600000, 0x00000006cc600000, 0x00000006cc700000|  0%| F|  |TS  0|AC  0|TAMS 0x00000006cc600000, 0x00000006cc600000|
|  87|0x00000006cc700000, 0x00000006cc700000, 0x00000006cc800000|  0%| F|  |TS  0|AC  0|TAMS 0x00000006cc700000, 0x00000006cc700000|
|  88|0x00000006cc800000, 0x00000006cc800000, 0x00000006cc900000|  0%| F|  |TS  0|AC  0|TAMS 0x00000006cc800000, 0x00000006cc800000|
|  89|0x00000006cc900000, 0x00000006cc900000, 0x00000006cca00000|  0%| F|  |TS  0|AC  0|TAMS 0x00000006cc900000, 0x00000006cc900000|
|  90|0x00000006cca00000, 0x00000006cca00000, 0x00000006ccb00000|  0%| F|  |TS  0|AC  0|TAMS 0x00000006cca00000, 0x00000006cca00000|
|  91|0x00000006ccb00000, 0x00000006ccb00000, 0x00000006ccc00000|  0%| F|  |TS  0|AC  0|TAMS 0x00000006ccb00000, 0x00000006ccb00000|
|  92|0x00000006ccc00000, 0x00000006ccc00000, 0x00000006ccd00000|  0%| F|  |TS  0|AC  0|TAMS 0x00000006ccc00000, 0x00000006ccc00000|
|  93|0x00000006ccd00000, 0x00000006ccd00000, 0x00000006cce00000|  0%| F|  |TS  0|AC  0|TAMS 0x00000006ccd00000, 0x00000006ccd00000|
|  94|0x00000006cce00000, 0x00000006cce00000, 0x00000006ccf00000|  0%| F|  |TS  0|AC  0|TAMS 0x00000006cce00000, 0x00000006cce00000|
|  95|0x00000006ccf00000, 0x00000006ccf00000, 0x00000006cd000000|  0%| F|  |TS  0|AC  0|TAMS 0x00000006ccf00000, 0x00000006ccf00000|
|  96|0x00000006cd000000, 0x00000006cd000000, 0x00000006cd100000|  0%| F|  |TS  0|AC  0|TAMS 0x00000006cd000000, 0x00000006cd000000|
|  97|0x00000006cd100000, 0x00000006cd100000, 0x00000006cd200000|  0%| F|  |TS  0|AC  0|TAMS 0x00000006cd100000, 0x00000006cd100000|
|  98|0x00000006cd200000, 0x00000006cd200000, 0x00000006cd300000|  0%| F|  |TS  0|AC  0|TAMS 0x00000006cd200000, 0x00000006cd200000|
|  99|0x00000006cd300000, 0x00000006cd300000, 0x00000006cd400000|  0%| F|  |TS  0|AC  0|TAMS 0x00000006cd300000, 0x00000006cd300000|
| 100|0x00000006cd400000, 0x00000006cd400000, 0x00000006cd500000|  0%| F|  |TS  0|AC  0|TAMS 0x00000006cd400000, 0x00000006cd400000|
| 101|0x00000006cd500000, 0x00000006cd500000, 0x00000006cd600000|  0%| F|  |TS  0|AC  0|TAMS 0x00000006cd500000, 0x00000006cd500000|
| 102|0x00000006cd600000, 0x00000006cd600000, 0x00000006cd700000|  0%| F|  |TS  0|AC  0|TAMS 0x00000006cd600000, 0x00000006cd600000|
| 103|0x00000006cd700000, 0x00000006cd700000, 0x00000006cd800000|  0%| F|  |TS  0|AC  0|TAMS 0x00000006cd700000, 0x00000006cd700000|
| 104|0x00000006cd800000, 0x00000006cd800000, 0x00000006cd900000|  0%| F|  |TS  0|AC  0|TAMS 0x00000006cd800000, 0x00000006cd800000|
| 105|0x00000006cd900000, 0x00000006cd900000, 0x00000006cda00000|  0%| F|  |TS  0|AC  0|TAMS 0x00000006cd900000, 0x00000006cd900000|
| 106|0x00000006cda00000, 0x00000006cda00000, 0x00000006cdb00000|  0%| F|  |TS  0|AC  0|TAMS 0x00000006cda00000, 0x00000006cda00000|
| 107|0x00000006cdb00000, 0x00000006cdb00000, 0x00000006cdc00000|  0%| F|  |TS  0|AC  0|TAMS 0x00000006cdb00000, 0x00000006cdb00000|
| 108|0x00000006cdc00000, 0x00000006cdc00000, 0x00000006cdd00000|  0%| F|  |TS  0|AC  0|TAMS 0x00000006cdc00000, 0x00000006cdc00000|
| 109|0x00000006cdd00000, 0x00000006cdd00000, 0x00000006cde00000|  0%| F|  |TS  0|AC  0|TAMS 0x00000006cdd00000, 0x00000006cdd00000|
| 110|0x00000006cde00000, 0x00000006cde00000, 0x00000006cdf00000|  0%| F|  |TS  0|AC  0|TAMS 0x00000006cde00000, 0x00000006cde00000|
| 111|0x00000006cdf00000, 0x00000006cdf00000, 0x00000006ce000000|  0%| F|  |TS  0|AC  0|TAMS 0x00000006cdf00000, 0x00000006cdf00000|
| 112|0x00000006ce000000, 0x00000006ce000000, 0x00000006ce100000|  0%| F|  |TS  0|AC  0|TAMS 0x00000006ce000000, 0x00000006ce000000|
| 113|0x00000006ce100000, 0x00000006ce100000, 0x00000006ce200000|  0%| F|  |TS  0|AC  0|TAMS 0x00000006ce100000, 0x00000006ce100000|
| 114|0x00000006ce200000, 0x00000006ce200000, 0x00000006ce300000|  0%| F|  |TS  0|AC  0|TAMS 0x00000006ce200000, 0x00000006ce200000|
| 115|0x00000006ce300000, 0x00000006ce300000, 0x00000006ce400000|  0%| F|  |TS  0|AC  0|TAMS 0x00000006ce300000, 0x00000006ce300000|
| 116|0x00000006ce400000, 0x00000006ce400000, 0x00000006ce500000|  0%| F|  |TS  0|AC  0|TAMS 0x00000006ce400000, 0x00000006ce400000|
| 117|0x00000006ce500000, 0x00000006ce500000, 0x00000006ce600000|  0%| F|  |TS  0|AC  0|TAMS 0x00000006ce500000, 0x00000006ce500000|
| 118|0x00000006ce600000, 0x00000006ce600000, 0x00000006ce700000|  0%| F|  |TS  0|AC  0|TAMS 0x00000006ce600000, 0x00000006ce600000|
| 119|0x00000006ce700000, 0x00000006ce700000, 0x00000006ce800000|  0%| F|  |TS  0|AC  0|TAMS 0x00000006ce700000, 0x00000006ce700000|
| 120|0x00000006ce800000, 0x00000006ce800000, 0x00000006ce900000|  0%| F|  |TS  0|AC  0|TAMS 0x00000006ce800000, 0x00000006ce800000|
| 121|0x00000006ce900000, 0x00000006ce900000, 0x00000006cea00000|  0%| F|  |TS  0|AC  0|TAMS 0x00000006ce900000, 0x00000006ce900000|
| 122|0x00000006cea00000, 0x00000006cea00000, 0x00000006ceb00000|  0%| F|  |TS  0|AC  0|TAMS 0x00000006cea00000, 0x00000006cea00000|
| 123|0x00000006ceb00000, 0x00000006ceb00000, 0x00000006cec00000|  0%| F|  |TS  0|AC  0|TAMS 0x00000006ceb00000, 0x00000006ceb00000|
| 124|0x00000006cec00000, 0x00000006cec00000, 0x00000006ced00000|  0%| F|  |TS  0|AC  0|TAMS 0x00000006cec00000, 0x00000006cec00000|
| 125|0x00000006ced00000, 0x00000006ced00000, 0x00000006cee00000|  0%| F|  |TS  0|AC  0|TAMS 0x00000006ced00000, 0x00000006ced00000|
| 126|0x00000006cee00000, 0x00000006cee00000, 0x00000006cef00000|  0%| F|  |TS  0|AC  0|TAMS 0x00000006cee00000, 0x00000006cee00000|
| 127|0x00000006cef00000, 0x00000006cef00000, 0x00000006cf000000|  0%| F|  |TS  0|AC  0|TAMS 0x00000006cef00000, 0x00000006cef00000|
| 128|0x00000006cf000000, 0x00000006cf000000, 0x00000006cf100000|  0%| F|  |TS  0|AC  0|TAMS 0x00000006cf000000, 0x00000006cf000000|
| 129|0x00000006cf100000, 0x00000006cf100000, 0x00000006cf200000|  0%| F|  |TS  0|AC  0|TAMS 0x00000006cf100000, 0x00000006cf100000|
| 130|0x00000006cf200000, 0x00000006cf200000, 0x00000006cf300000|  0%| F|  |TS  0|AC  0|TAMS 0x00000006cf200000, 0x00000006cf200000|
| 131|0x00000006cf300000, 0x00000006cf300000, 0x00000006cf400000|  0%| F|  |TS  0|AC  0|TAMS 0x00000006cf300000, 0x00000006cf300000|
| 132|0x00000006cf400000, 0x00000006cf400000, 0x00000006cf500000|  0%| F|  |TS  0|AC  0|TAMS 0x00000006cf400000, 0x00000006cf400000|
| 133|0x00000006cf500000, 0x00000006cf500000, 0x00000006cf600000|  0%| F|  |TS  0|AC  0|TAMS 0x00000006cf500000, 0x00000006cf500000|
| 134|0x00000006cf600000, 0x00000006cf600000, 0x00000006cf700000|  0%| F|  |TS  0|AC  0|TAMS 0x00000006cf600000, 0x00000006cf600000|
| 135|0x00000006cf700000, 0x00000006cf700000, 0x00000006cf800000|  0%| F|  |TS  0|AC  0|TAMS 0x00000006cf700000, 0x00000006cf700000|
| 136|0x00000006cf800000, 0x00000006cf800000, 0x00000006cf900000|  0%| F|  |TS  0|AC  0|TAMS 0x00000006cf800000, 0x00000006cf800000|
| 137|0x00000006cf900000, 0x00000006cf900000, 0x00000006cfa00000|  0%| F|  |TS  0|AC  0|TAMS 0x00000006cf900000, 0x00000006cf900000|
| 138|0x00000006cfa00000, 0x00000006cfa00000, 0x00000006cfb00000|  0%| F|  |TS  0|AC  0|TAMS 0x00000006cfa00000, 0x00000006cfa00000|
| 139|0x00000006cfb00000, 0x00000006cfb00000, 0x00000006cfc00000|  0%| F|  |TS  0|AC  0|TAMS 0x00000006cfb00000, 0x00000006cfb00000|
| 140|0x00000006cfc00000, 0x00000006cfc00000, 0x00000006cfd00000|  0%| F|  |TS  0|AC  0|TAMS 0x00000006cfc00000, 0x00000006cfc00000|
| 141|0x00000006cfd00000, 0x00000006cfd00000, 0x00000006cfe00000|  0%| F|  |TS  0|AC  0|TAMS 0x00000006cfd00000, 0x00000006cfd00000|
| 142|0x00000006cfe00000, 0x00000006cfe00000, 0x00000006cff00000|  0%| F|  |TS  0|AC  0|TAMS 0x00000006cfe00000, 0x00000006cfe00000|
| 143|0x00000006cff00000, 0x00000006cff00000, 0x00000006d0000000|  0%| F|  |TS  0|AC  0|TAMS 0x00000006cff00000, 0x00000006cff00000|
| 144|0x00000006d0000000, 0x00000006d0000000, 0x00000006d0100000|  0%| F|  |TS  0|AC  0|TAMS 0x00000006d0000000, 0x00000006d0000000|
| 145|0x00000006d0100000, 0x00000006d0100000, 0x00000006d0200000|  0%| F|  |TS  0|AC  0|TAMS 0x00000006d0100000, 0x00000006d0100000|
| 146|0x00000006d0200000, 0x00000006d0200000, 0x00000006d0300000|  0%| F|  |TS  0|AC  0|TAMS 0x00000006d0200000, 0x00000006d0200000|
| 147|0x00000006d0300000, 0x00000006d0300000, 0x00000006d0400000|  0%| F|  |TS  0|AC  0|TAMS 0x00000006d0300000, 0x00000006d0300000|
| 148|0x00000006d0400000, 0x00000006d0400000, 0x00000006d0500000|  0%| F|  |TS  0|AC  0|TAMS 0x00000006d0400000, 0x00000006d0400000|
| 149|0x00000006d0500000, 0x00000006d0500000, 0x00000006d0600000|  0%| F|  |TS  0|AC  0|TAMS 0x00000006d0500000, 0x00000006d0500000|
| 150|0x00000006d0600000, 0x00000006d0600000, 0x00000006d0700000|  0%| F|  |TS  0|AC  0|TAMS 0x00000006d0600000, 0x00000006d0600000|
| 151|0x00000006d0700000, 0x00000006d0700000, 0x00000006d0800000|  0%| F|  |TS  0|AC  0|TAMS 0x00000006d0700000, 0x00000006d0700000|
| 152|0x00000006d0800000, 0x00000006d0800000, 0x00000006d0900000|  0%| F|  |TS  0|AC  0|TAMS 0x00000006d0800000, 0x00000006d0800000|
| 153|0x00000006d0900000, 0x00000006d0900000, 0x00000006d0a00000|  0%| F|  |TS  0|AC  0|TAMS 0x00000006d0900000, 0x00000006d0900000|
| 154|0x00000006d0a00000, 0x00000006d0a00000, 0x00000006d0b00000|  0%| F|  |TS  0|AC  0|TAMS 0x00000006d0a00000, 0x00000006d0a00000|
| 155|0x00000006d0b00000, 0x00000006d0b00000, 0x00000006d0c00000|  0%| F|  |TS  0|AC  0|TAMS 0x00000006d0b00000, 0x00000006d0b00000|
| 156|0x00000006d0c00000, 0x00000006d0c00000, 0x00000006d0d00000|  0%| F|  |TS  0|AC  0|TAMS 0x00000006d0c00000, 0x00000006d0c00000|
| 157|0x00000006d0d00000, 0x00000006d0d00000, 0x00000006d0e00000|  0%| F|  |TS  0|AC  0|TAMS 0x00000006d0d00000, 0x00000006d0d00000|
| 158|0x00000006d0e00000, 0x00000006d0e00000, 0x00000006d0f00000|  0%| F|  |TS  0|AC  0|TAMS 0x00000006d0e00000, 0x00000006d0e00000|
| 159|0x00000006d0f00000, 0x00000006d0f00000, 0x00000006d1000000|  0%| F|  |TS  0|AC  0|TAMS 0x00000006d0f00000, 0x00000006d0f00000|
| 160|0x00000006d1000000, 0x00000006d1000000, 0x00000006d1100000|  0%| F|  |TS  0|AC  0|TAMS 0x00000006d1000000, 0x00000006d1000000|
| 161|0x00000006d1100000, 0x00000006d1100000, 0x00000006d1200000|  0%| F|  |TS  0|AC  0|TAMS 0x00000006d1100000, 0x00000006d1100000|
| 162|0x00000006d1200000, 0x00000006d1200000, 0x00000006d1300000|  0%| F|  |TS  0|AC  0|TAMS 0x00000006d1200000, 0x00000006d1200000|
| 163|0x00000006d1300000, 0x00000006d1300000, 0x00000006d1400000|  0%| F|  |TS  0|AC  0|TAMS 0x00000006d1300000, 0x00000006d1300000|
| 164|0x00000006d1400000, 0x00000006d1400000, 0x00000006d1500000|  0%| F|  |TS  0|AC  0|TAMS 0x00000006d1400000, 0x00000006d1400000|
| 165|0x00000006d1500000, 0x00000006d1500000, 0x00000006d1600000|  0%| F|  |TS  0|AC  0|TAMS 0x00000006d1500000, 0x00000006d1500000|
| 166|0x00000006d1600000, 0x00000006d1600000, 0x00000006d1700000|  0%| F|  |TS  0|AC  0|TAMS 0x00000006d1600000, 0x00000006d1600000|
| 167|0x00000006d1700000, 0x00000006d1700000, 0x00000006d1800000|  0%| F|  |TS  0|AC  0|TAMS 0x00000006d1700000, 0x00000006d1700000|
| 168|0x00000006d1800000, 0x00000006d1800000, 0x00000006d1900000|  0%| F|  |TS  0|AC  0|TAMS 0x00000006d1800000, 0x00000006d1800000|
| 169|0x00000006d1900000, 0x00000006d1900000, 0x00000006d1a00000|  0%| F|  |TS  0|AC  0|TAMS 0x00000006d1900000, 0x00000006d1900000|
| 170|0x00000006d1a00000, 0x00000006d1a00000, 0x00000006d1b00000|  0%| F|  |TS  0|AC  0|TAMS 0x00000006d1a00000, 0x00000006d1a00000|
| 171|0x00000006d1b00000, 0x00000006d1b00000, 0x00000006d1c00000|  0%| F|  |TS  0|AC  0|TAMS 0x00000006d1b00000, 0x00000006d1b00000|
| 172|0x00000006d1c00000, 0x00000006d1c00000, 0x00000006d1d00000|  0%| F|  |TS  0|AC  0|TAMS 0x00000006d1c00000, 0x00000006d1c00000|
| 173|0x00000006d1d00000, 0x00000006d1d00000, 0x00000006d1e00000|  0%| F|  |TS  0|AC  0|TAMS 0x00000006d1d00000, 0x00000006d1d00000|
| 174|0x00000006d1e00000, 0x00000006d1e00000, 0x00000006d1f00000|  0%| F|  |TS  0|AC  0|TAMS 0x00000006d1e00000, 0x00000006d1e00000|
| 175|0x00000006d1f00000, 0x00000006d1f00000, 0x00000006d2000000|  0%| F|  |TS  0|AC  0|TAMS 0x00000006d1f00000, 0x00000006d1f00000|
| 176|0x00000006d2000000, 0x00000006d2000000, 0x00000006d2100000|  0%| F|  |TS  0|AC  0|TAMS 0x00000006d2000000, 0x00000006d2000000|
| 177|0x00000006d2100000, 0x00000006d2100000, 0x00000006d2200000|  0%| F|  |TS  0|AC  0|TAMS 0x00000006d2100000, 0x00000006d2100000|
| 178|0x00000006d2200000, 0x00000006d2200000, 0x00000006d2300000|  0%| F|  |TS  0|AC  0|TAMS 0x00000006d2200000, 0x00000006d2200000|
| 179|0x00000006d2300000, 0x00000006d2300000, 0x00000006d2400000|  0%| F|  |TS  0|AC  0|TAMS 0x00000006d2300000, 0x00000006d2300000|
| 180|0x00000006d2400000, 0x00000006d2400000, 0x00000006d2500000|  0%| F|  |TS  0|AC  0|TAMS 0x00000006d2400000, 0x00000006d2400000|
| 181|0x00000006d2500000, 0x00000006d2500000, 0x00000006d2600000|  0%| F|  |TS  0|AC  0|TAMS 0x00000006d2500000, 0x00000006d2500000|
| 182|0x00000006d2600000, 0x00000006d2600000, 0x00000006d2700000|  0%| F|  |TS  0|AC  0|TAMS 0x00000006d2600000, 0x00000006d2600000|
| 183|0x00000006d2700000, 0x00000006d2700000, 0x00000006d2800000|  0%| F|  |TS  0|AC  0|TAMS 0x00000006d2700000, 0x00000006d2700000|
| 184|0x00000006d2800000, 0x00000006d2800000, 0x00000006d2900000|  0%| F|  |TS  0|AC  0|TAMS 0x00000006d2800000, 0x00000006d2800000|
| 185|0x00000006d2900000, 0x00000006d2900000, 0x00000006d2a00000|  0%| F|  |TS  0|AC  0|TAMS 0x00000006d2900000, 0x00000006d2900000|
| 186|0x00000006d2a00000, 0x00000006d2a00000, 0x00000006d2b00000|  0%| F|  |TS  0|AC  0|TAMS 0x00000006d2a00000, 0x00000006d2a00000|
| 187|0x00000006d2b00000, 0x00000006d2b00000, 0x00000006d2c00000|  0%| F|  |TS  0|AC  0|TAMS 0x00000006d2b00000, 0x00000006d2b00000|
| 188|0x00000006d2c00000, 0x00000006d2c00000, 0x00000006d2d00000|  0%| F|  |TS  0|AC  0|TAMS 0x00000006d2c00000, 0x00000006d2c00000|
| 189|0x00000006d2d00000, 0x00000006d2d00000, 0x00000006d2e00000|  0%| F|  |TS  0|AC  0|TAMS 0x00000006d2d00000, 0x00000006d2d00000|
| 190|0x00000006d2e00000, 0x00000006d2e00000, 0x00000006d2f00000|  0%| F|  |TS  0|AC  0|TAMS 0x00000006d2e00000, 0x00000006d2e00000|
| 191|0x00000006d2f00000, 0x00000006d2f00000, 0x00000006d3000000|  0%| F|  |TS  0|AC  0|TAMS 0x00000006d2f00000, 0x00000006d2f00000|
| 192|0x00000006d3000000, 0x00000006d3000000, 0x00000006d3100000|  0%| F|  |TS  0|AC  0|TAMS 0x00000006d3000000, 0x00000006d3000000|
| 193|0x00000006d3100000, 0x00000006d3100000, 0x00000006d3200000|  0%| F|  |TS  0|AC  0|TAMS 0x00000006d3100000, 0x00000006d3100000|
| 194|0x00000006d3200000, 0x00000006d3200000, 0x00000006d3300000|  0%| F|  |TS  0|AC  0|TAMS 0x00000006d3200000, 0x00000006d3200000|
| 195|0x00000006d3300000, 0x00000006d3300000, 0x00000006d3400000|  0%| F|  |TS  0|AC  0|TAMS 0x00000006d3300000, 0x00000006d3300000|
| 196|0x00000006d3400000, 0x00000006d3400000, 0x00000006d3500000|  0%| F|  |TS  0|AC  0|TAMS 0x00000006d3400000, 0x00000006d3400000|
| 197|0x00000006d3500000, 0x00000006d3500000, 0x00000006d3600000|  0%| F|  |TS  0|AC  0|TAMS 0x00000006d3500000, 0x00000006d3500000|
| 198|0x00000006d3600000, 0x00000006d3600000, 0x00000006d3700000|  0%| F|  |TS  0|AC  0|TAMS 0x00000006d3600000, 0x00000006d3600000|
| 199|0x00000006d3700000, 0x00000006d3700000, 0x00000006d3800000|  0%| F|  |TS  0|AC  0|TAMS 0x00000006d3700000, 0x00000006d3700000|
| 200|0x00000006d3800000, 0x00000006d3800000, 0x00000006d3900000|  0%| F|  |TS  0|AC  0|TAMS 0x00000006d3800000, 0x00000006d3800000|
| 201|0x00000006d3900000, 0x00000006d3900000, 0x00000006d3a00000|  0%| F|  |TS  0|AC  0|TAMS 0x00000006d3900000, 0x00000006d3900000|
| 202|0x00000006d3a00000, 0x00000006d3a00000, 0x00000006d3b00000|  0%| F|  |TS  0|AC  0|TAMS 0x00000006d3a00000, 0x00000006d3a00000|
| 203|0x00000006d3b00000, 0x00000006d3b00000, 0x00000006d3c00000|  0%| F|  |TS  0|AC  0|TAMS 0x00000006d3b00000, 0x00000006d3b00000|
| 204|0x00000006d3c00000, 0x00000006d3c00000, 0x00000006d3d00000|  0%| F|  |TS  0|AC  0|TAMS 0x00000006d3c00000, 0x00000006d3c00000|
| 205|0x00000006d3d00000, 0x00000006d3d00000, 0x00000006d3e00000|  0%| F|  |TS  0|AC  0|TAMS 0x00000006d3d00000, 0x00000006d3d00000|
| 206|0x00000006d3e00000, 0x00000006d3e00000, 0x00000006d3f00000|  0%| F|  |TS  0|AC  0|TAMS 0x00000006d3e00000, 0x00000006d3e00000|
| 207|0x00000006d3f00000, 0x00000006d3f00000, 0x00000006d4000000|  0%| F|  |TS  0|AC  0|TAMS 0x00000006d3f00000, 0x00000006d3f00000|
| 208|0x00000006d4000000, 0x00000006d4000000, 0x00000006d4100000|  0%| F|  |TS  0|AC  0|TAMS 0x00000006d4000000, 0x00000006d4000000|
| 209|0x00000006d4100000, 0x00000006d4100000, 0x00000006d4200000|  0%| F|  |TS  0|AC  0|TAMS 0x00000006d4100000, 0x00000006d4100000|
| 210|0x00000006d4200000, 0x00000006d4200000, 0x00000006d4300000|  0%| F|  |TS  0|AC  0|TAMS 0x00000006d4200000, 0x00000006d4200000|
| 211|0x00000006d4300000, 0x00000006d4300000, 0x00000006d4400000|  0%| F|  |TS  0|AC  0|TAMS 0x00000006d4300000, 0x00000006d4300000|
| 212|0x00000006d4400000, 0x00000006d4400000, 0x00000006d4500000|  0%| F|  |TS  0|AC  0|TAMS 0x00000006d4400000, 0x00000006d4400000|
| 213|0x00000006d4500000, 0x00000006d4500000, 0x00000006d4600000|  0%| F|  |TS  0|AC  0|TAMS 0x00000006d4500000, 0x00000006d4500000|
| 214|0x00000006d4600000, 0x00000006d4600000, 0x00000006d4700000|  0%| F|  |TS  0|AC  0|TAMS 0x00000006d4600000, 0x00000006d4600000|
| 215|0x00000006d4700000, 0x00000006d4700000, 0x00000006d4800000|  0%| F|  |TS  0|AC  0|TAMS 0x00000006d4700000, 0x00000006d4700000|
| 216|0x00000006d4800000, 0x00000006d4800000, 0x00000006d4900000|  0%| F|  |TS  0|AC  0|TAMS 0x00000006d4800000, 0x00000006d4800000|
| 217|0x00000006d4900000, 0x00000006d4900000, 0x00000006d4a00000|  0%| F|  |TS  0|AC  0|TAMS 0x00000006d4900000, 0x00000006d4900000|
| 218|0x00000006d4a00000, 0x00000006d4a00000, 0x00000006d4b00000|  0%| F|  |TS  0|AC  0|TAMS 0x00000006d4a00000, 0x00000006d4a00000|
| 219|0x00000006d4b00000, 0x00000006d4b00000, 0x00000006d4c00000|  0%| F|  |TS  0|AC  0|TAMS 0x00000006d4b00000, 0x00000006d4b00000|
| 220|0x00000006d4c00000, 0x00000006d4c00000, 0x00000006d4d00000|  0%| F|  |TS  0|AC  0|TAMS 0x00000006d4c00000, 0x00000006d4c00000|
| 221|0x00000006d4d00000, 0x00000006d4d00000, 0x00000006d4e00000|  0%| F|  |TS  0|AC  0|TAMS 0x00000006d4d00000, 0x00000006d4d00000|
| 222|0x00000006d4e00000, 0x00000006d4e00000, 0x00000006d4f00000|  0%| F|  |TS  0|AC  0|TAMS 0x00000006d4e00000, 0x00000006d4e00000|
| 223|0x00000006d4f00000, 0x00000006d4f00000, 0x00000006d5000000|  0%| F|  |TS  0|AC  0|TAMS 0x00000006d4f00000, 0x00000006d4f00000|
| 224|0x00000006d5000000, 0x00000006d5000000, 0x00000006d5100000|  0%| F|  |TS  0|AC  0|TAMS 0x00000006d5000000, 0x00000006d5000000|
| 225|0x00000006d5100000, 0x00000006d5100000, 0x00000006d5200000|  0%| F|  |TS  0|AC  0|TAMS 0x00000006d5100000, 0x00000006d5100000|
| 226|0x00000006d5200000, 0x00000006d5200000, 0x00000006d5300000|  0%| F|  |TS  0|AC  0|TAMS 0x00000006d5200000, 0x00000006d5200000|
| 227|0x00000006d5300000, 0x00000006d5300000, 0x00000006d5400000|  0%| F|  |TS  0|AC  0|TAMS 0x00000006d5300000, 0x00000006d5300000|
| 228|0x00000006d5400000, 0x00000006d5400000, 0x00000006d5500000|  0%| F|  |TS  0|AC  0|TAMS 0x00000006d5400000, 0x00000006d5400000|
| 229|0x00000006d5500000, 0x00000006d5500000, 0x00000006d5600000|  0%| F|  |TS  0|AC  0|TAMS 0x00000006d5500000, 0x00000006d5500000|
| 230|0x00000006d5600000, 0x00000006d5600000, 0x00000006d5700000|  0%| F|  |TS  0|AC  0|TAMS 0x00000006d5600000, 0x00000006d5600000|
| 231|0x00000006d5700000, 0x00000006d5700000, 0x00000006d5800000|  0%| F|  |TS  0|AC  0|TAMS 0x00000006d5700000, 0x00000006d5700000|
| 232|0x00000006d5800000, 0x00000006d5800000, 0x00000006d5900000|  0%| F|  |TS  0|AC  0|TAMS 0x00000006d5800000, 0x00000006d5800000|
| 233|0x00000006d5900000, 0x00000006d5900000, 0x00000006d5a00000|  0%| F|  |TS  0|AC  0|TAMS 0x00000006d5900000, 0x00000006d5900000|
| 234|0x00000006d5a00000, 0x00000006d5a00000, 0x00000006d5b00000|  0%| F|  |TS  0|AC  0|TAMS 0x00000006d5a00000, 0x00000006d5a00000|
| 235|0x00000006d5b00000, 0x00000006d5b00000, 0x00000006d5c00000|  0%| F|  |TS  0|AC  0|TAMS 0x00000006d5b00000, 0x00000006d5b00000|
| 236|0x00000006d5c00000, 0x00000006d5c00000, 0x00000006d5d00000|  0%| F|  |TS  0|AC  0|TAMS 0x00000006d5c00000, 0x00000006d5c00000|
| 237|0x00000006d5d00000, 0x00000006d5d00000, 0x00000006d5e00000|  0%| F|  |TS  0|AC  0|TAMS 0x00000006d5d00000, 0x00000006d5d00000|
| 238|0x00000006d5e00000, 0x00000006d5e00000, 0x00000006d5f00000|  0%| F|  |TS  0|AC  0|TAMS 0x00000006d5e00000, 0x00000006d5e00000|
| 239|0x00000006d5f00000, 0x00000006d5f00000, 0x00000006d6000000|  0%| F|  |TS  0|AC  0|TAMS 0x00000006d5f00000, 0x00000006d5f00000|
| 240|0x00000006d6000000, 0x00000006d6000000, 0x00000006d6100000|  0%| F|  |TS  0|AC  0|TAMS 0x00000006d6000000, 0x00000006d6000000|
| 241|0x00000006d6100000, 0x00000006d6100000, 0x00000006d6200000|  0%| F|  |TS  0|AC  0|TAMS 0x00000006d6100000, 0x00000006d6100000|
| 242|0x00000006d6200000, 0x00000006d62f6708, 0x00000006d6300000| 96%| E|  |TS  0|AC  0|TAMS 0x00000006d6200000, 0x00000006d6200000|
| 243|0x00000006d6300000, 0x00000006d6400000, 0x00000006d6400000|100%| E|CS|TS  0|AC  0|TAMS 0x00000006d6300000, 0x00000006d6300000|
| 244|0x00000006d6400000, 0x00000006d6500000, 0x00000006d6500000|100%| E|CS|TS  0|AC  0|TAMS 0x00000006d6400000, 0x00000006d6400000|
| 245|0x00000006d6500000, 0x00000006d6600000, 0x00000006d6600000|100%| E|CS|TS  0|AC  0|TAMS 0x00000006d6500000, 0x00000006d6500000|
| 246|0x00000006d6600000, 0x00000006d6700000, 0x00000006d6700000|100%| E|CS|TS  0|AC  0|TAMS 0x00000006d6600000, 0x00000006d6600000|
| 247|0x00000006d6700000, 0x00000006d6800000, 0x00000006d6800000|100%| E|CS|TS  0|AC  0|TAMS 0x00000006d6700000, 0x00000006d6700000|
| 248|0x00000006d6800000, 0x00000006d6900000, 0x00000006d6900000|100%| E|CS|TS  0|AC  0|TAMS 0x00000006d6800000, 0x00000006d6800000|
| 249|0x00000006d6900000, 0x00000006d6a00000, 0x00000006d6a00000|100%| E|CS|TS  0|AC  0|TAMS 0x00000006d6900000, 0x00000006d6900000|

Card table byte_map: [0x00007f7d102f7000,0x00007f7d10abf000] byte_map_base: 0x00007f7d0ccbf000

Marking Bits (Prev, Next): (CMBitMap*) 0x00007f7d280771c0, (CMBitMap*) 0x00007f7d28077218
 Prev Bits: [0x00007f7cc79f8000, 0x00007f7ccb838000)
 Next Bits: [0x00007f7cc3bb8000, 0x00007f7cc79f8000)

Polling page: 0x00007f7d313e6000

CodeHeap 'non-nmethods': size=5700Kb used=1249Kb max_used=1268Kb free=4450Kb
 bounds [0x00007f7d11c51000, 0x00007f7d11ec1000, 0x00007f7d121e2000]
CodeHeap 'profiled nmethods': size=120028Kb used=1026Kb max_used=1026Kb free=119001Kb
 bounds [0x00007f7d121e2000, 0x00007f7d12452000, 0x00007f7d19719000]
CodeHeap 'non-profiled nmethods': size=120032Kb used=202Kb max_used=202Kb free=119830Kb
 bounds [0x00007f7d19719000, 0x00007f7d19989000, 0x00007f7d20c51000]
 total_blobs=1294 nmethods=635 adapters=418
 compilation: enabled

Compilation events (10 events):
Event: 7.418 Thread 0x00007f7d28256800  636       3       java.nio.ByteBufferAsIntBufferB::get (16 bytes)
Event: 7.419 Thread 0x00007f7d28256800 nmethod 636 0x00007f7d122e1210 code [0x00007f7d122e1400, 0x00007f7d122e1b88]
Event: 7.419 Thread 0x00007f7d28256800  637       3       java.nio.ByteBufferAsIntBufferB::ix (9 bytes)
Event: 7.419 Thread 0x00007f7d28256800 nmethod 637 0x00007f7d122e1d90 code [0x00007f7d122e1f00, 0x00007f7d122e2050]
Event: 7.419 Thread 0x00007f7d28256800  639       3       java.lang.Character::isSurrogate (18 bytes)
Event: 7.419 Thread 0x00007f7d28256800 nmethod 639 0x00007f7d122e2110 code [0x00007f7d122e2280, 0x00007f7d122e2450]
Event: 7.419 Thread 0x00007f7d28256800  638       3       java.lang.ref.PhantomReference::<init> (7 bytes)
Event: 7.419 Thread 0x00007f7d28256800 nmethod 638 0x00007f7d122e2510 code [0x00007f7d122e26a0, 0x00007f7d122e29f0]
Event: 7.420 Thread 0x00007f7d28252800 nmethod 622 0x00007f7d1974ab10 code [0x00007f7d1974ac80, 0x00007f7d1974af38]
Event: 7.420 Thread 0x00007f7d28252800  621       4       java.lang.String::getBytes (44 bytes)

GC Heap History (0 events):
No events

Deoptimization events (10 events):
Event: 2.227 Thread 0x00007f7d28010800 Uncommon trap: reason=unstable_if action=reinterpret pc=0x00007f7d19724950 method=java.util.HashMap.hash(Ljava/lang/Object;)I @ 1
Event: 2.233 Thread 0x00007f7d28010800 Uncommon trap: reason=unstable_if action=reinterpret pc=0x00007f7d19724188 method=java.util.HashMap.hash(Ljava/lang/Object;)I @ 1
Event: 2.375 Thread 0x00007f7d28010800 Uncommon trap: reason=class_check action=maybe_recompile pc=0x00007f7d197224e8 method=java.util.HashMap.putVal(ILjava/lang/Object;Ljava/lang/Object;ZZ)Ljava/lang/Object; @ 253
Event: 2.375 Thread 0x00007f7d28010800 Uncommon trap: reason=class_check action=maybe_recompile pc=0x00007f7d197224e8 method=java.util.HashMap.putVal(ILjava/lang/Object;Ljava/lang/Object;ZZ)Ljava/lang/Object; @ 253
Event: 2.375 Thread 0x00007f7d28010800 Uncommon trap: reason=class_check action=maybe_recompile pc=0x00007f7d197224e8 method=java.util.HashMap.putVal(ILjava/lang/Object;Ljava/lang/Object;ZZ)Ljava/lang/Object; @ 253
Event: 2.375 Thread 0x00007f7d28010800 Uncommon trap: reason=class_check action=maybe_recompile pc=0x00007f7d197224e8 method=java.util.HashMap.putVal(ILjava/lang/Object;Ljava/lang/Object;ZZ)Ljava/lang/Object; @ 253
Event: 2.628 Thread 0x00007f7d28bf6800 Uncommon trap: reason=unstable_if action=reinterpret pc=0x00007f7d19743540 method=sun.security.provider.SeedGenerator$ThreadedSeedGenerator.run()V @ 120
Event: 7.404 Thread 0x00007f7d28010800 Uncommon trap: reason=unstable_if action=reinterpret pc=0x00007f7d19734800 method=java.lang.String.equals(Ljava/lang/Object;)Z @ 27
Event: 7.411 Thread 0x00007f7d28010800 Uncommon trap: reason=class_check action=maybe_recompile pc=0x00007f7d197484dc method=java.util.HashMap.putVal(ILjava/lang/Object;Ljava/lang/Object;ZZ)Ljava/lang/Object; @ 91
Event: 7.411 Thread 0x00007f7d28010800 Uncommon trap: reason=class_check action=maybe_recompile pc=0x00007f7d197484dc method=java.util.HashMap.putVal(ILjava/lang/Object;Ljava/lang/Object;ZZ)Ljava/lang/Object; @ 91

Classes redefined (0 events):
No events

Internal exceptions (7 events):
Event: 0.270 Thread 0x00007f7d28010800 Exception <a 'java/lang/ClassNotFoundException': sun/awt/resources/awtProvider> (0x00000006d6607718) thrown at [/build/openjdk-9-argm_o/openjdk-9-9~b114/src/hotspot/src/share/vm/classfile/systemDictionary.cpp, line 224]
Event: 0.286 Thread 0x00007f7d28010800 Exception <a 'java/io/FileNotFoundException'> (0x00000006d6645f98) thrown at [/build/openjdk-9-argm_o/openjdk-9-9~b114/src/hotspot/src/share/vm/prims/jni.cpp, line 605]
Event: 0.287 Thread 0x00007f7d28010800 Exception <a 'java/io/FileNotFoundException'> (0x00000006d664e140) thrown at [/build/openjdk-9-argm_o/openjdk-9-9~b114/src/hotspot/src/share/vm/prims/jni.cpp, line 605]
Event: 2.216 Thread 0x00007f7d28010800 Exception <a 'java/lang/ClassNotFoundException': com/sun/swing/internal/plaf/metal/resources/metalProvider> (0x00000006d65f6948) thrown at [/build/openjdk-9-argm_o/openjdk-9-9~b114/src/hotspot/src/share/vm/classfile/systemDictionary.cpp, line 224]
Event: 2.217 Thread 0x00007f7d28010800 Exception <a 'java/lang/ClassNotFoundException': com/sun/swing/internal/plaf/basic/resources/basicProvider> (0x00000006d65fc458) thrown at [/build/openjdk-9-argm_o/openjdk-9-9~b114/src/hotspot/src/share/vm/classfile/systemDictionary.cpp, line 224]
Event: 2.227 Thread 0x00007f7d28010800 Implicit null exception at 0x00007f7d197248b8 to 0x00007f7d19724946
Event: 2.233 Thread 0x00007f7d28010800 Implicit null exception at 0x00007f7d1972410f to 0x00007f7d19724179

Events (10 events):
Event: 7.417 loading class sun/nio/cs/UTF_16$Decoder
Event: 7.417 loading class sun/nio/cs/UnicodeDecoder
Event: 7.417 loading class sun/nio/cs/UnicodeDecoder done
Event: 7.417 loading class sun/nio/cs/UTF_16$Decoder done
Event: 7.419 loading class sun/font/FileFontStrike
Event: 7.419 loading class sun/font/FileFontStrike done
Event: 7.419 loading class sun/font/FontScaler
Event: 7.419 loading class sun/font/FontScaler done
Event: 7.419 loading class sun/font/FreetypeFontScaler
Event: 7.419 loading class sun/font/FreetypeFontScaler done


Dynamic libraries:
00400000-00401000 r-xp 00000000 08:12 1845937                            /usr/lib/jvm/java-9-openjdk-amd64/bin/java
00600000-00601000 r--p 00000000 08:12 1845937                            /usr/lib/jvm/java-9-openjdk-amd64/bin/java
00601000-00602000 rw-p 00001000 08:12 1845937                            /usr/lib/jvm/java-9-openjdk-amd64/bin/java
00789000-007aa000 rw-p 00000000 00:00 0                                  [heap]
6c7000000-6d6a00000 rw-p 00000000 00:00 0 
6d6a00000-7c0000000 ---p 00000000 00:00 0 
7c0000000-7c01c0000 rw-p 00000000 00:00 0 
7c01c0000-800000000 ---p 00000000 00:00 0 
7f7c5c000000-7f7c5c021000 rw-p 00000000 00:00 0 
7f7c5c021000-7f7c60000000 ---p 00000000 00:00 0 
7f7c60000000-7f7c60021000 rw-p 00000000 00:00 0 
7f7c60021000-7f7c64000000 ---p 00000000 00:00 0 
7f7c64000000-7f7c64021000 rw-p 00000000 00:00 0 
7f7c64021000-7f7c68000000 ---p 00000000 00:00 0 
7f7c6bafd000-7f7c6bb01000 ---p 00000000 00:00 0 
7f7c6bb01000-7f7c6bbfe000 rw-p 00000000 00:00 0 
7f7c6bbfe000-7f7c6bc02000 ---p 00000000 00:00 0 
7f7c6bc02000-7f7c6bcff000 rw-p 00000000 00:00 0 
7f7c6bcff000-7f7c6bd03000 ---p 00000000 00:00 0 
7f7c6bd03000-7f7c6bf40000 rw-p 00000000 00:00 0 
7f7c6bf40000-7f7c6c000000 ---p 00000000 00:00 0 
7f7c6c000000-7f7c6c021000 rw-p 00000000 00:00 0 
7f7c6c021000-7f7c70000000 ---p 00000000 00:00 0 
7f7c70000000-7f7c70021000 rw-p 00000000 00:00 0 
7f7c70021000-7f7c74000000 ---p 00000000 00:00 0 
7f7c74000000-7f7c74021000 rw-p 00000000 00:00 0 
7f7c74021000-7f7c78000000 ---p 00000000 00:00 0 
7f7c78000000-7f7c78021000 rw-p 00000000 00:00 0 
7f7c78021000-7f7c7c000000 ---p 00000000 00:00 0 
7f7c7c000000-7f7c7c021000 rw-p 00000000 00:00 0 
7f7c7c021000-7f7c80000000 ---p 00000000 00:00 0 
7f7c80000000-7f7c80021000 rw-p 00000000 00:00 0 
7f7c80021000-7f7c84000000 ---p 00000000 00:00 0 
7f7c84000000-7f7c84021000 rw-p 00000000 00:00 0 
7f7c84021000-7f7c88000000 ---p 00000000 00:00 0 
7f7c88000000-7f7c88021000 rw-p 00000000 00:00 0 
7f7c88021000-7f7c8c000000 ---p 00000000 00:00 0 
7f7c8c000000-7f7c8c1e3000 rw-p 00000000 00:00 0 
7f7c8c1e3000-7f7c90000000 ---p 00000000 00:00 0 
7f7c90000000-7f7c9024c000 rw-p 00000000 00:00 0 
7f7c9024c000-7f7c94000000 ---p 00000000 00:00 0 
7f7c94000000-7f7c94382000 rw-p 00000000 00:00 0 
7f7c94382000-7f7c98000000 ---p 00000000 00:00 0 
7f7c98000000-7f7c9810d000 rw-p 00000000 00:00 0 
7f7c9810d000-7f7c9c000000 ---p 00000000 00:00 0 
7f7c9c000000-7f7c9c021000 rw-p 00000000 00:00 0 
7f7c9c021000-7f7ca0000000 ---p 00000000 00:00 0 
7f7ca0000000-7f7ca0021000 rw-p 00000000 00:00 0 
7f7ca0021000-7f7ca4000000 ---p 00000000 00:00 0 
7f7ca4000000-7f7ca4021000 rw-p 00000000 00:00 0 
7f7ca4021000-7f7ca8000000 ---p 00000000 00:00 0 
7f7ca8088000-7f7ca8089000 r--s 00000000 08:12 264194                     /var/cache/fontconfig/087e1975ba9a574b140bb1df193bf770-le64.cache-6
7f7ca8089000-7f7ca8094000 r--s 00000000 08:12 262337                     /var/cache/fontconfig/945677eb7aeaf62f1d50efc3fb3ec7d8-le64.cache-6
7f7ca8094000-7f7ca809a000 r--s 00000000 08:12 264708                     /var/cache/fontconfig/2cd17615ca594fa2959ae173292e504c-le64.cache-6
7f7ca809a000-7f7ca809b000 r--s 00000000 08:12 264649                     /var/cache/fontconfig/0d8c3b2ac0904cb8a57a757ad11a4a08-le64.cache-6
7f7ca809b000-7f7ca80b0000 r--s 00000000 08:12 264631                     /var/cache/fontconfig/04aabc0a78ac019cf9454389977116d2-le64.cache-6
7f7ca80b0000-7f7ca80b1000 r--s 00000000 08:12 264627                     /var/cache/fontconfig/1ac9eb803944fde146138c791f5cc56a-le64.cache-6
7f7ca80b1000-7f7ca80b5000 r--s 00000000 08:12 264616                     /var/cache/fontconfig/385c0604a188198f04d133e54aba7fe7-le64.cache-6
7f7ca80b5000-7f7ca80b6000 r--s 00000000 08:12 264615                     /var/cache/fontconfig/dc05db6664285cc2f12bf69c139ae4c3-le64.cache-6
7f7ca80b6000-7f7ca80b9000 r--s 00000000 08:12 264614                     /var/cache/fontconfig/767a8244fc0220cfb567a839d0392e0b-le64.cache-6
7f7ca80b9000-7f7ca80ba000 r--s 00000000 08:12 264613                     /var/cache/fontconfig/4794a0821666d79190d59a36cb4f44b5-le64.cache-6
7f7ca80ba000-7f7ca80bf000 r--s 00000000 08:12 264612                     /var/cache/fontconfig/8801497958630a81b71ace7c5f9b32a8-le64.cache-6
7f7ca80bf000-7f7ca80c6000 r--s 00000000 08:12 264552                     /var/cache/fontconfig/3047814df9a2f067bd2d96a2b9c36e5a-le64.cache-6
7f7ca80c6000-7f7ca80ce000 r--s 00000000 08:12 266196                     /var/cache/fontconfig/bf3b770c553c462765856025a94f1ce6-le64.cache-6
7f7ca80ce000-7f7ca80d2000 ---p 00000000 00:00 0 
7f7ca80d2000-7f7ca81cf000 rw-p 00000000 00:00 0 
7f7ca81cf000-7f7ca81d3000 ---p 00000000 00:00 0 
7f7ca81d3000-7f7ca84d0000 rw-p 00000000 00:00 0 
7f7ca84d0000-7f7ca84d4000 ---p 00000000 00:00 0 
7f7ca84d4000-7f7ca85d1000 rw-p 00000000 00:00 0 
7f7ca85d1000-7f7ca85d6000 r-xp 00000000 08:12 1843519                    /usr/lib/x86_64-linux-gnu/libXfixes.so.3.1.0
7f7ca85d6000-7f7ca87d5000 ---p 00005000 08:12 1843519                    /usr/lib/x86_64-linux-gnu/libXfixes.so.3.1.0
7f7ca87d5000-7f7ca87d6000 r--p 00004000 08:12 1843519                    /usr/lib/x86_64-linux-gnu/libXfixes.so.3.1.0
7f7ca87d6000-7f7ca87d7000 rw-p 00005000 08:12 1843519                    /usr/lib/x86_64-linux-gnu/libXfixes.so.3.1.0
7f7ca87d7000-7f7ca87e0000 r-xp 00000000 08:12 1843511                    /usr/lib/x86_64-linux-gnu/libXcursor.so.1.0.2
7f7ca87e0000-7f7ca89df000 ---p 00009000 08:12 1843511                    /usr/lib/x86_64-linux-gnu/libXcursor.so.1.0.2
7f7ca89df000-7f7ca89e0000 r--p 00008000 08:12 1843511                    /usr/lib/x86_64-linux-gnu/libXcursor.so.1.0.2
7f7ca89e0000-7f7ca89e1000 rw-p 00009000 08:12 1843511                    /usr/lib/x86_64-linux-gnu/libXcursor.so.1.0.2
7f7ca89e1000-7f7ca89e5000 ---p 00000000 00:00 0 
7f7ca89e5000-7f7ca8ae2000 rw-p 00000000 00:00 0 
7f7ca8ae2000-7f7ca8b06000 r-xp 00000000 08:12 4461185                    /lib/x86_64-linux-gnu/libpng12.so.0.54.0
7f7ca8b06000-7f7ca8d05000 ---p 00024000 08:12 4461185                    /lib/x86_64-linux-gnu/libpng12.so.0.54.0
7f7ca8d05000-7f7ca8d06000 r--p 00023000 08:12 4461185                    /lib/x86_64-linux-gnu/libpng12.so.0.54.0
7f7ca8d06000-7f7ca8d07000 rw-p 00024000 08:12 4461185                    /lib/x86_64-linux-gnu/libpng12.so.0.54.0
7f7ca8d07000-7f7ca8dab000 r-xp 00000000 08:12 1843937                    /usr/lib/x86_64-linux-gnu/libfreetype.so.6.12.1
7f7ca8dab000-7f7ca8faa000 ---p 000a4000 08:12 1843937                    /usr/lib/x86_64-linux-gnu/libfreetype.so.6.12.1
7f7ca8faa000-7f7ca8fb0000 r--p 000a3000 08:12 1843937                    /usr/lib/x86_64-linux-gnu/libfreetype.so.6.12.1
7f7ca8fb0000-7f7ca8fb1000 rw-p 000a9000 08:12 1843937                    /usr/lib/x86_64-linux-gnu/libfreetype.so.6.12.1
7f7ca8fb1000-7f7ca9077000 r-xp 00000000 08:12 1845957                    /usr/lib/jvm/java-9-openjdk-amd64/lib/amd64/libfontmanager.so
7f7ca9077000-7f7ca9276000 ---p 000c6000 08:12 1845957                    /usr/lib/jvm/java-9-openjdk-amd64/lib/amd64/libfontmanager.so
7f7ca9276000-7f7ca9279000 r--p 000c5000 08:12 1845957                    /usr/lib/jvm/java-9-openjdk-amd64/lib/amd64/libfontmanager.so
7f7ca9279000-7f7ca927a000 rw-p 000c8000 08:12 1845957                    /usr/lib/jvm/java-9-openjdk-amd64/lib/amd64/libfontmanager.so
7f7ca927a000-7f7ca927b000 rw-p 00000000 00:00 0 
7f7ca927b000-7f7ca9280000 r-xp 00000000 08:12 1843515                    /usr/lib/x86_64-linux-gnu/libXdmcp.so.6.0.0
7f7ca9280000-7f7ca947f000 ---p 00005000 08:12 1843515                    /usr/lib/x86_64-linux-gnu/libXdmcp.so.6.0.0
7f7ca947f000-7f7ca9480000 r--p 00004000 08:12 1843515                    /usr/lib/x86_64-linux-gnu/libXdmcp.so.6.0.0
7f7ca9480000-7f7ca9481000 rw-p 00005000 08:12 1843515                    /usr/lib/x86_64-linux-gnu/libXdmcp.so.6.0.0
7f7ca9481000-7f7ca9483000 r-xp 00000000 08:12 1843504                    /usr/lib/x86_64-linux-gnu/libXau.so.6.0.0
7f7ca9483000-7f7ca9683000 ---p 00002000 08:12 1843504                    /usr/lib/x86_64-linux-gnu/libXau.so.6.0.0
7f7ca9683000-7f7ca9684000 r--p 00002000 08:12 1843504                    /usr/lib/x86_64-linux-gnu/libXau.so.6.0.0
7f7ca9684000-7f7ca9685000 rw-p 00003000 08:12 1843504                    /usr/lib/x86_64-linux-gnu/libXau.so.6.0.0
7f7ca9685000-7f7ca96a6000 r-xp 00000000 08:12 1844884                    /usr/lib/x86_64-linux-gnu/libxcb.so.1.1.0
7f7ca96a6000-7f7ca98a5000 ---p 00021000 08:12 1844884                    /usr/lib/x86_64-linux-gnu/libxcb.so.1.1.0
7f7ca98a5000-7f7ca98a6000 r--p 00020000 08:12 1844884                    /usr/lib/x86_64-linux-gnu/libxcb.so.1.1.0
7f7ca98a6000-7f7ca98a7000 rw-p 00021000 08:12 1844884                    /usr/lib/x86_64-linux-gnu/libxcb.so.1.1.0
7f7ca98a7000-7f7ca98b6000 r-xp 00000000 08:12 1843525                    /usr/lib/x86_64-linux-gnu/libXi.so.6.1.0
7f7ca98b6000-7f7ca9ab5000 ---p 0000f000 08:12 1843525                    /usr/lib/x86_64-linux-gnu/libXi.so.6.1.0
7f7ca9ab5000-7f7ca9ab6000 r--p 0000e000 08:12 1843525                    /usr/lib/x86_64-linux-gnu/libXi.so.6.1.0
7f7ca9ab6000-7f7ca9ab7000 rw-p 0000f000 08:12 1843525                    /usr/lib/x86_64-linux-gnu/libXi.so.6.1.0
7f7ca9ab7000-7f7ca9abc000 r-xp 00000000 08:12 1843543                    /usr/lib/x86_64-linux-gnu/libXtst.so.6.1.0
7f7ca9abc000-7f7ca9cbb000 ---p 00005000 08:12 1843543                    /usr/lib/x86_64-linux-gnu/libXtst.so.6.1.0
7f7ca9cbb000-7f7ca9cbc000 r--p 00004000 08:12 1843543                    /usr/lib/x86_64-linux-gnu/libXtst.so.6.1.0
7f7ca9cbc000-7f7ca9cbd000 rw-p 00005000 08:12 1843543                    /usr/lib/x86_64-linux-gnu/libXtst.so.6.1.0
7f7ca9cbd000-7f7ca9cc6000 r-xp 00000000 08:12 1843537                    /usr/lib/x86_64-linux-gnu/libXrender.so.1.3.0
7f7ca9cc6000-7f7ca9ec5000 ---p 00009000 08:12 1843537                    /usr/lib/x86_64-linux-gnu/libXrender.so.1.3.0
7f7ca9ec5000-7f7ca9ec6000 r--p 00008000 08:12 1843537                    /usr/lib/x86_64-linux-gnu/libXrender.so.1.3.0
7f7ca9ec6000-7f7ca9ec7000 rw-p 00009000 08:12 1843537                    /usr/lib/x86_64-linux-gnu/libXrender.so.1.3.0
7f7ca9ec7000-7f7ca9ffc000 r-xp 00000000 08:12 1843500                    /usr/lib/x86_64-linux-gnu/libX11.so.6.3.0
7f7ca9ffc000-7f7caa1fc000 ---p 00135000 08:12 1843500                    /usr/lib/x86_64-linux-gnu/libX11.so.6.3.0
7f7caa1fc000-7f7caa1fd000 r--p 00135000 08:12 1843500                    /usr/lib/x86_64-linux-gnu/libX11.so.6.3.0
7f7caa1fd000-7f7caa201000 rw-p 00136000 08:12 1843500                    /usr/lib/x86_64-linux-gnu/libX11.so.6.3.0
7f7caa201000-7f7caa212000 r-xp 00000000 08:12 1843517                    /usr/lib/x86_64-linux-gnu/libXext.so.6.4.0
7f7caa212000-7f7caa411000 ---p 00011000 08:12 1843517                    /usr/lib/x86_64-linux-gnu/libXext.so.6.4.0
7f7caa411000-7f7caa412000 r--p 00010000 08:12 1843517                    /usr/lib/x86_64-linux-gnu/libXext.so.6.4.0
7f7caa412000-7f7caa413000 rw-p 00011000 08:12 1843517                    /usr/lib/x86_64-linux-gnu/libXext.so.6.4.0
7f7caa413000-7f7caa46a000 r-xp 00000000 08:12 1845984                    /usr/lib/jvm/java-9-openjdk-amd64/lib/amd64/libawt_xawt.so
7f7caa46a000-7f7caa66a000 ---p 00057000 08:12 1845984                    /usr/lib/jvm/java-9-openjdk-amd64/lib/amd64/libawt_xawt.so
7f7caa66a000-7f7caa66b000 r--p 00057000 08:12 1845984                    /usr/lib/jvm/java-9-openjdk-amd64/lib/amd64/libawt_xawt.so
7f7caa66b000-7f7caa66e000 rw-p 00058000 08:12 1845984                    /usr/lib/jvm/java-9-openjdk-amd64/lib/amd64/libawt_xawt.so
7f7caa66e000-7f7caa66f000 rw-p 00000000 00:00 0 
7f7caa66f000-7f7caa70f000 r-xp 00000000 08:12 1845956                    /usr/lib/jvm/java-9-openjdk-amd64/lib/amd64/libawt.so
7f7caa70f000-7f7caa90e000 ---p 000a0000 08:12 1845956                    /usr/lib/jvm/java-9-openjdk-amd64/lib/amd64/libawt.so
7f7caa90e000-7f7caa90f000 r--p 0009f000 08:12 1845956                    /usr/lib/jvm/java-9-openjdk-amd64/lib/amd64/libawt.so
7f7caa90f000-7f7caa91a000 rw-p 000a0000 08:12 1845956                    /usr/lib/jvm/java-9-openjdk-amd64/lib/amd64/libawt.so
7f7caa91a000-7f7caa93f000 rw-p 00000000 00:00 0 
7f7caa93f000-7f7caa940000 ---p 00000000 00:00 0 
7f7caa940000-7f7caaa40000 rw-p 00000000 00:00 0 
7f7caaa40000-7f7caaa44000 ---p 00000000 00:00 0 
7f7caaa44000-7f7caab41000 rw-p 00000000 00:00 0 
7f7caab41000-7f7caab45000 ---p 00000000 00:00 0 
7f7caab45000-7f7caaf43000 rw-p 00000000 00:00 0 
7f7caaf43000-7f7caaf59000 r-xp 00000000 08:12 1845958                    /usr/lib/jvm/java-9-openjdk-amd64/lib/amd64/libnet.so
7f7caaf59000-7f7cab158000 ---p 00016000 08:12 1845958                    /usr/lib/jvm/java-9-openjdk-amd64/lib/amd64/libnet.so
7f7cab158000-7f7cab159000 r--p 00015000 08:12 1845958                    /usr/lib/jvm/java-9-openjdk-amd64/lib/amd64/libnet.so
7f7cab159000-7f7cab15a000 rw-p 00016000 08:12 1845958                    /usr/lib/jvm/java-9-openjdk-amd64/lib/amd64/libnet.so
7f7cab15a000-7f7cab16b000 r-xp 00000000 08:12 1845985                    /usr/lib/jvm/java-9-openjdk-amd64/lib/amd64/libnio.so
7f7cab16b000-7f7cab36b000 ---p 00011000 08:12 1845985                    /usr/lib/jvm/java-9-openjdk-amd64/lib/amd64/libnio.so
7f7cab36b000-7f7cab36c000 r--p 00011000 08:12 1845985                    /usr/lib/jvm/java-9-openjdk-amd64/lib/amd64/libnio.so
7f7cab36c000-7f7cab36d000 rw-p 00012000 08:12 1845985                    /usr/lib/jvm/java-9-openjdk-amd64/lib/amd64/libnio.so
7f7cab36d000-7f7cab371000 ---p 00000000 00:00 0 
7f7cab371000-7f7cab46e000 rw-p 00000000 00:00 0 
7f7cab46e000-7f7cab472000 ---p 00000000 00:00 0 
7f7cab472000-7f7cab56f000 rw-p 00000000 00:00 0 
7f7cab56f000-7f7cab573000 ---p 00000000 00:00 0 
7f7cab573000-7f7cab670000 rw-p 00000000 00:00 0 
7f7cab670000-7f7cab674000 ---p 00000000 00:00 0 
7f7cab674000-7f7cab771000 rw-p 00000000 00:00 0 
7f7cab771000-7f7cab775000 ---p 00000000 00:00 0 
7f7cab775000-7f7cab872000 rw-p 00000000 00:00 0 
7f7cab872000-7f7cab876000 ---p 00000000 00:00 0 
7f7cab876000-7f7cab973000 rw-p 00000000 00:00 0 
7f7cab973000-7f7cab977000 ---p 00000000 00:00 0 
7f7cab977000-7f7caba74000 rw-p 00000000 00:00 0 
7f7caba74000-7f7cabeff000 r--p 00000000 08:12 1835850                    /usr/lib/locale/locale-archive
7f7cabeff000-7f7cabf03000 ---p 00000000 00:00 0 
7f7cabf03000-7f7cac000000 rw-p 00000000 00:00 0 
7f7cac000000-7f7cac021000 rw-p 00000000 00:00 0 
7f7cac021000-7f7cb0000000 ---p 00000000 00:00 0 
7f7cb0000000-7f7cb0021000 rw-p 00000000 00:00 0 
7f7cb0021000-7f7cb4000000 ---p 00000000 00:00 0 
7f7cb4000000-7f7cb4021000 rw-p 00000000 00:00 0 
7f7cb4021000-7f7cb8000000 ---p 00000000 00:00 0 
7f7cb8000000-7f7cb8021000 rw-p 00000000 00:00 0 
7f7cb8021000-7f7cbc000000 ---p 00000000 00:00 0 
7f7cbc000000-7f7cbc021000 rw-p 00000000 00:00 0 
7f7cbc021000-7f7cc0000000 ---p 00000000 00:00 0 
7f7cc0000000-7f7cc0001000 r--s 00000000 08:12 264554                     /var/cache/fontconfig/bab58bb527bb656aaa9f116d68a48d89-le64.cache-6
7f7cc0001000-7f7cc0014000 r--s 00000000 08:12 264500                     /var/cache/fontconfig/d52a8644073d54c13679302ca1180695-le64.cache-6
7f7cc0014000-7f7cc001f000 r--s 00000000 08:12 266466                     /var/cache/fontconfig/d589a48862398ed80a3d6066f4f56f4c-le64.cache-6
7f7cc001f000-7f7cc002c000 r--s 00000000 08:12 264497                     /var/cache/fontconfig/089dead882dea3570ffc31a9898cfb69-le64.cache-6
7f7cc002c000-7f7cc003e000 r--s 00000000 08:12 262316                     /var/cache/fontconfig/9b89f8e3dae116d678bbf48e5f21f69b-le64.cache-6
7f7cc003e000-7f7cc0060000 r--s 00000000 08:12 262662                     /var/cache/fontconfig/5d69d6aeb3c22f869578a9c61a959ac8-le64.cache-6
7f7cc0060000-7f7cc0064000 ---p 00000000 00:00 0 
7f7cc0064000-7f7cc0161000 rw-p 00000000 00:00 0 
7f7cc0161000-7f7cc0162000 ---p 00000000 00:00 0 
7f7cc0162000-7f7cc0ad8000 rw-p 00000000 00:00 0 
7f7cc0ad8000-7f7cc39b6000 rw-p 00000000 00:00 0 
7f7cc39b6000-7f7cc39b7000 ---p 00000000 00:00 0 
7f7cc39b7000-7f7cc3ab7000 rw-p 00000000 00:00 0 
7f7cc3ab7000-7f7cc3ab8000 ---p 00000000 00:00 0 
7f7cc3ab8000-7f7cc3fa0000 rw-p 00000000 00:00 0 
7f7cc3fa0000-7f7cc79f8000 ---p 00000000 00:00 0 
7f7cc79f8000-7f7cc7de0000 rw-p 00000000 00:00 0 
7f7cc7de0000-7f7ccb838000 ---p 00000000 00:00 0 
7f7ccb838000-7f7ccb8b5000 rw-p 00000000 00:00 0 
7f7ccb8b5000-7f7ccc000000 ---p 00000000 00:00 0 
7f7ccc000000-7f7ccc021000 rw-p 00000000 00:00 0 
7f7ccc021000-7f7cd0000000 ---p 00000000 00:00 0 
7f7cd0000000-7f7cd0021000 rw-p 00000000 00:00 0 
7f7cd0021000-7f7cd4000000 ---p 00000000 00:00 0 
7f7cd4000000-7f7cd4021000 rw-p 00000000 00:00 0 
7f7cd4021000-7f7cd8000000 ---p 00000000 00:00 0 
7f7cd8000000-7f7cd8021000 rw-p 00000000 00:00 0 
7f7cd8021000-7f7cdc000000 ---p 00000000 00:00 0 
7f7cdc000000-7f7cdc021000 rw-p 00000000 00:00 0 
7f7cdc021000-7f7ce0000000 ---p 00000000 00:00 0 
7f7ce0000000-7f7ce0021000 rw-p 00000000 00:00 0 
7f7ce0021000-7f7ce4000000 ---p 00000000 00:00 0 
7f7ce4000000-7f7ce4021000 rw-p 00000000 00:00 0 
7f7ce4021000-7f7ce8000000 ---p 00000000 00:00 0 
7f7ce8000000-7f7ce8021000 rw-p 00000000 00:00 0 
7f7ce8021000-7f7cec000000 ---p 00000000 00:00 0 
7f7cec000000-7f7cec021000 rw-p 00000000 00:00 0 
7f7cec021000-7f7cf0000000 ---p 00000000 00:00 0 
7f7cf0000000-7f7cf0021000 rw-p 00000000 00:00 0 
7f7cf0021000-7f7cf4000000 ---p 00000000 00:00 0 
7f7cf4000000-7f7cf4021000 rw-p 00000000 00:00 0 
7f7cf4021000-7f7cf8000000 ---p 00000000 00:00 0 
7f7cf8000000-7f7cf8021000 rw-p 00000000 00:00 0 
7f7cf8021000-7f7cfc000000 ---p 00000000 00:00 0 
7f7cfc000000-7f7cfc021000 rw-p 00000000 00:00 0 
7f7cfc021000-7f7d00000000 ---p 00000000 00:00 0 
7f7d00000000-7f7d00021000 rw-p 00000000 00:00 0 
7f7d00021000-7f7d04000000 ---p 00000000 00:00 0 
7f7d04000000-7f7d04021000 rw-p 00000000 00:00 0 
7f7d04021000-7f7d08000000 ---p 00000000 00:00 0 
7f7d08000000-7f7d08021000 rw-p 00000000 00:00 0 
7f7d08021000-7f7d0c000000 ---p 00000000 00:00 0 
7f7d0c000000-7f7d0c021000 rw-p 00000000 00:00 0 
7f7d0c021000-7f7d10000000 ---p 00000000 00:00 0 
7f7d10000000-7f7d10001000 r--s 00000000 08:12 264549                     /var/cache/fontconfig/56cf4f4769d0f4abc89a4895d7bd3ae1-le64.cache-6
7f7d10001000-7f7d10002000 r--s 00000000 08:12 264544                     /var/cache/fontconfig/b9d506c9ac06c20b433354fa67a72993-le64.cache-6
7f7d10002000-7f7d100fc000 rw-p 00000000 00:00 0 
7f7d100fc000-7f7d100fd000 ---p 00000000 00:00 0 
7f7d100fd000-7f7d10374000 rw-p 00000000 00:00 0 
7f7d10374000-7f7d11287000 ---p 00000000 00:00 0 
7f7d11287000-7f7d11304000 rw-p 00000000 00:00 0 
7f7d11304000-7f7d11a4f000 ---p 00000000 00:00 0 
7f7d11a4f000-7f7d11a50000 ---p 00000000 00:00 0 
7f7d11a50000-7f7d11b50000 rw-p 00000000 00:00 0 
7f7d11b50000-7f7d11b51000 ---p 00000000 00:00 0 
7f7d11b51000-7f7d11c51000 rw-p 00000000 00:00 0 
7f7d11c51000-7f7d11ec1000 rwxp 00000000 00:00 0 
7f7d11ec1000-7f7d121e2000 ---p 00000000 00:00 0 
7f7d121e2000-7f7d12452000 rwxp 00000000 00:00 0 
7f7d12452000-7f7d19719000 ---p 00000000 00:00 0 
7f7d19719000-7f7d19989000 rwxp 00000000 00:00 0 
7f7d19989000-7f7d20c51000 ---p 00000000 00:00 0 
7f7d20c51000-7f7d28000000 r--s 00000000 08:12 1845942                    /usr/lib/jvm/java-9-openjdk-amd64/lib/modules
7f7d28000000-7f7d28c39000 rw-p 00000000 00:00 0 
7f7d28c39000-7f7d2c000000 ---p 00000000 00:00 0 
7f7d2c000000-7f7d2c006000 r--s 00000000 08:12 264503                     /var/cache/fontconfig/b47c4e1ecd0709278f4910c18777a504-le64.cache-6
7f7d2c006000-7f7d2c007000 r--s 00000000 08:12 264499                     /var/cache/fontconfig/551ecf3b0e8b0bca0f25c0944f561853-le64.cache-6
7f7d2c007000-7f7d2c00a000 r--s 00000000 08:12 264489                     /var/cache/fontconfig/75114ca45c98e8a441da0ff356701271-le64.cache-6
7f7d2c00a000-7f7d2c00b000 ---p 00000000 00:00 0 
7f7d2c00b000-7f7d2c10b000 rw-p 00000000 00:00 0 
7f7d2c10b000-7f7d2c10c000 ---p 00000000 00:00 0 
7f7d2c10c000-7f7d2c20c000 rw-p 00000000 00:00 0 
7f7d2c20c000-7f7d2c20d000 ---p 00000000 00:00 0 
7f7d2c20d000-7f7d2c30d000 rw-p 00000000 00:00 0 
7f7d2c30d000-7f7d2c30e000 ---p 00000000 00:00 0 
7f7d2c30e000-7f7d2c40e000 rw-p 00000000 00:00 0 
7f7d2c40e000-7f7d2c40f000 ---p 00000000 00:00 0 
7f7d2c40f000-7f7d2c50f000 rw-p 00000000 00:00 0 
7f7d2c50f000-7f7d2c510000 ---p 00000000 00:00 0 
7f7d2c510000-7f7d2c610000 rw-p 00000000 00:00 0 
7f7d2c610000-7f7d2c611000 ---p 00000000 00:00 0 
7f7d2c611000-7f7d2cf19000 rw-p 00000000 00:00 0 
7f7d2cf19000-7f7d2cf1a000 ---p 00000000 00:00 0 
7f7d2cf1a000-7f7d2d01a000 rw-p 00000000 00:00 0 
7f7d2d01a000-7f7d2d01b000 ---p 00000000 00:00 0 
7f7d2d01b000-7f7d2d11b000 rw-p 00000000 00:00 0 
7f7d2d11b000-7f7d2d11c000 ---p 00000000 00:00 0 
7f7d2d11c000-7f7d2d21c000 rw-p 00000000 00:00 0 
7f7d2d21c000-7f7d2d21d000 ---p 00000000 00:00 0 
7f7d2d21d000-7f7d2d31d000 rw-p 00000000 00:00 0 
7f7d2d31d000-7f7d2d31e000 ---p 00000000 00:00 0 
7f7d2d31e000-7f7d2d41e000 rw-p 00000000 00:00 0 
7f7d2d41e000-7f7d2d41f000 ---p 00000000 00:00 0 
7f7d2d41f000-7f7d2d51f000 rw-p 00000000 00:00 0 
7f7d2d51f000-7f7d2d520000 ---p 00000000 00:00 0 
7f7d2d520000-7f7d2d620000 rw-p 00000000 00:00 0 
7f7d2d620000-7f7d2d621000 ---p 00000000 00:00 0 
7f7d2d621000-7f7d2d726000 rw-p 00000000 00:00 0 
7f7d2d726000-7f7d2d80c000 ---p 00000000 00:00 0 
7f7d2d80c000-7f7d2d811000 rw-p 00000000 00:00 0 
7f7d2d811000-7f7d2d8f7000 ---p 00000000 00:00 0 
7f7d2d8f7000-7f7d2d8fc000 r-xp 00000000 08:12 1845972                    /usr/lib/jvm/java-9-openjdk-amd64/lib/amd64/libjimage.so
7f7d2d8fc000-7f7d2dafb000 ---p 00005000 08:12 1845972                    /usr/lib/jvm/java-9-openjdk-amd64/lib/amd64/libjimage.so
7f7d2dafb000-7f7d2dafc000 r--p 00004000 08:12 1845972                    /usr/lib/jvm/java-9-openjdk-amd64/lib/amd64/libjimage.so
7f7d2dafc000-7f7d2dafd000 rw-p 00005000 08:12 1845972                    /usr/lib/jvm/java-9-openjdk-amd64/lib/amd64/libjimage.so
7f7d2dafd000-7f7d2db04000 r-xp 00000000 08:12 1845968                    /usr/lib/jvm/java-9-openjdk-amd64/lib/amd64/libzip.so
7f7d2db04000-7f7d2dd03000 ---p 00007000 08:12 1845968                    /usr/lib/jvm/java-9-openjdk-amd64/lib/amd64/libzip.so
7f7d2dd03000-7f7d2dd04000 r--p 00006000 08:12 1845968                    /usr/lib/jvm/java-9-openjdk-amd64/lib/amd64/libzip.so
7f7d2dd04000-7f7d2dd05000 rw-p 00007000 08:12 1845968                    /usr/lib/jvm/java-9-openjdk-amd64/lib/amd64/libzip.so
7f7d2dd05000-7f7d2dd10000 r-xp 00000000 08:12 4461062                    /lib/x86_64-linux-gnu/libnss_files-2.23.so
7f7d2dd10000-7f7d2df0f000 ---p 0000b000 08:12 4461062                    /lib/x86_64-linux-gnu/libnss_files-2.23.so
7f7d2df0f000-7f7d2df10000 r--p 0000a000 08:12 4461062                    /lib/x86_64-linux-gnu/libnss_files-2.23.so
7f7d2df10000-7f7d2df11000 rw-p 0000b000 08:12 4461062                    /lib/x86_64-linux-gnu/libnss_files-2.23.so
7f7d2df11000-7f7d2df17000 rw-p 00000000 00:00 0 
7f7d2df17000-7f7d2df22000 r-xp 00000000 08:12 4456534                    /lib/x86_64-linux-gnu/libnss_nis-2.23.so
7f7d2df22000-7f7d2e121000 ---p 0000b000 08:12 4456534                    /lib/x86_64-linux-gnu/libnss_nis-2.23.so
7f7d2e121000-7f7d2e122000 r--p 0000a000 08:12 4456534                    /lib/x86_64-linux-gnu/libnss_nis-2.23.so
7f7d2e122000-7f7d2e123000 rw-p 0000b000 08:12 4456534                    /lib/x86_64-linux-gnu/libnss_nis-2.23.so
7f7d2e123000-7f7d2e139000 r-xp 00000000 08:12 4456545                    /lib/x86_64-linux-gnu/libnsl-2.23.so
7f7d2e139000-7f7d2e338000 ---p 00016000 08:12 4456545                    /lib/x86_64-linux-gnu/libnsl-2.23.so
7f7d2e338000-7f7d2e339000 r--p 00015000 08:12 4456545                    /lib/x86_64-linux-gnu/libnsl-2.23.so
7f7d2e339000-7f7d2e33a000 rw-p 00016000 08:12 4456545                    /lib/x86_64-linux-gnu/libnsl-2.23.so
7f7d2e33a000-7f7d2e33c000 rw-p 00000000 00:00 0 
7f7d2e33c000-7f7d2e344000 r-xp 00000000 08:12 4456546                    /lib/x86_64-linux-gnu/libnss_compat-2.23.so
7f7d2e344000-7f7d2e543000 ---p 00008000 08:12 4456546                    /lib/x86_64-linux-gnu/libnss_compat-2.23.so
7f7d2e543000-7f7d2e544000 r--p 00007000 08:12 4456546                    /lib/x86_64-linux-gnu/libnss_compat-2.23.so
7f7d2e544000-7f7d2e545000 rw-p 00008000 08:12 4456546                    /lib/x86_64-linux-gnu/libnss_compat-2.23.so
7f7d2e545000-7f7d2e570000 r-xp 00000000 08:12 1845951                    /usr/lib/jvm/java-9-openjdk-amd64/lib/amd64/libjava.so
7f7d2e570000-7f7d2e76f000 ---p 0002b000 08:12 1845951                    /usr/lib/jvm/java-9-openjdk-amd64/lib/amd64/libjava.so
7f7d2e76f000-7f7d2e770000 r--p 0002a000 08:12 1845951                    /usr/lib/jvm/java-9-openjdk-amd64/lib/amd64/libjava.so
7f7d2e770000-7f7d2e772000 rw-p 0002b000 08:12 1845951                    /usr/lib/jvm/java-9-openjdk-amd64/lib/amd64/libjava.so
7f7d2e772000-7f7d2e77f000 r-xp 00000000 08:12 1845952                    /usr/lib/jvm/java-9-openjdk-amd64/lib/amd64/libverify.so
7f7d2e77f000-7f7d2e97e000 ---p 0000d000 08:12 1845952                    /usr/lib/jvm/java-9-openjdk-amd64/lib/amd64/libverify.so
7f7d2e97e000-7f7d2e980000 r--p 0000c000 08:12 1845952                    /usr/lib/jvm/java-9-openjdk-amd64/lib/amd64/libverify.so
7f7d2e980000-7f7d2e981000 rw-p 0000e000 08:12 1845952                    /usr/lib/jvm/java-9-openjdk-amd64/lib/amd64/libverify.so
7f7d2e981000-7f7d2e988000 r-xp 00000000 08:12 4456533                    /lib/x86_64-linux-gnu/librt-2.23.so
7f7d2e988000-7f7d2eb87000 ---p 00007000 08:12 4456533                    /lib/x86_64-linux-gnu/librt-2.23.so
7f7d2eb87000-7f7d2eb88000 r--p 00006000 08:12 4456533                    /lib/x86_64-linux-gnu/librt-2.23.so
7f7d2eb88000-7f7d2eb89000 rw-p 00007000 08:12 4456533                    /lib/x86_64-linux-gnu/librt-2.23.so
7f7d2eb89000-7f7d2eb9f000 r-xp 00000000 08:12 4461082                    /lib/x86_64-linux-gnu/libgcc_s.so.1
7f7d2eb9f000-7f7d2ed9e000 ---p 00016000 08:12 4461082                    /lib/x86_64-linux-gnu/libgcc_s.so.1
7f7d2ed9e000-7f7d2ed9f000 rw-p 00015000 08:12 4461082                    /lib/x86_64-linux-gnu/libgcc_s.so.1
7f7d2ed9f000-7f7d2eea7000 r-xp 00000000 08:12 4456543                    /lib/x86_64-linux-gnu/libm-2.23.so
7f7d2eea7000-7f7d2f0a6000 ---p 00108000 08:12 4456543                    /lib/x86_64-linux-gnu/libm-2.23.so
7f7d2f0a6000-7f7d2f0a7000 r--p 00107000 08:12 4456543                    /lib/x86_64-linux-gnu/libm-2.23.so
7f7d2f0a7000-7f7d2f0a8000 rw-p 00108000 08:12 4456543                    /lib/x86_64-linux-gnu/libm-2.23.so
7f7d2f0a8000-7f7d2f21a000 r-xp 00000000 08:12 1837193                    /usr/lib/x86_64-linux-gnu/libstdc++.so.6.0.21
7f7d2f21a000-7f7d2f41a000 ---p 00172000 08:12 1837193                    /usr/lib/x86_64-linux-gnu/libstdc++.so.6.0.21
7f7d2f41a000-7f7d2f424000 r--p 00172000 08:12 1837193                    /usr/lib/x86_64-linux-gnu/libstdc++.so.6.0.21
7f7d2f424000-7f7d2f426000 rw-p 0017c000 08:12 1837193                    /usr/lib/x86_64-linux-gnu/libstdc++.so.6.0.21
7f7d2f426000-7f7d2f42a000 rw-p 00000000 00:00 0 
7f7d2f42a000-7f7d30288000 r-xp 00000000 08:12 1845965                    /usr/lib/jvm/java-9-openjdk-amd64/lib/amd64/server/libjvm.so
7f7d30288000-7f7d30488000 ---p 00e5e000 08:12 1845965                    /usr/lib/jvm/java-9-openjdk-amd64/lib/amd64/server/libjvm.so
7f7d30488000-7f7d3053a000 r--p 00e5e000 08:12 1845965                    /usr/lib/jvm/java-9-openjdk-amd64/lib/amd64/server/libjvm.so
7f7d3053a000-7f7d3056c000 rw-p 00f10000 08:12 1845965                    /usr/lib/jvm/java-9-openjdk-amd64/lib/amd64/server/libjvm.so
7f7d3056c000-7f7d305b1000 rw-p 00000000 00:00 0 
7f7d305b1000-7f7d305c9000 r-xp 00000000 08:12 4456544                    /lib/x86_64-linux-gnu/libpthread-2.23.so
7f7d305c9000-7f7d307c8000 ---p 00018000 08:12 4456544                    /lib/x86_64-linux-gnu/libpthread-2.23.so
7f7d307c8000-7f7d307c9000 r--p 00017000 08:12 4456544                    /lib/x86_64-linux-gnu/libpthread-2.23.so
7f7d307c9000-7f7d307ca000 rw-p 00018000 08:12 4456544                    /lib/x86_64-linux-gnu/libpthread-2.23.so
7f7d307ca000-7f7d307ce000 rw-p 00000000 00:00 0 
7f7d307ce000-7f7d307d1000 r-xp 00000000 08:12 4456537                    /lib/x86_64-linux-gnu/libdl-2.23.so
7f7d307d1000-7f7d309d0000 ---p 00003000 08:12 4456537                    /lib/x86_64-linux-gnu/libdl-2.23.so
7f7d309d0000-7f7d309d1000 r--p 00002000 08:12 4456537                    /lib/x86_64-linux-gnu/libdl-2.23.so
7f7d309d1000-7f7d309d2000 rw-p 00003000 08:12 4456537                    /lib/x86_64-linux-gnu/libdl-2.23.so
7f7d309d2000-7f7d309eb000 r-xp 00000000 08:12 4461235                    /lib/x86_64-linux-gnu/libz.so.1.2.8
7f7d309eb000-7f7d30bea000 ---p 00019000 08:12 4461235                    /lib/x86_64-linux-gnu/libz.so.1.2.8
7f7d30bea000-7f7d30beb000 r--p 00018000 08:12 4461235                    /lib/x86_64-linux-gnu/libz.so.1.2.8
7f7d30beb000-7f7d30bec000 rw-p 00019000 08:12 4461235                    /lib/x86_64-linux-gnu/libz.so.1.2.8
7f7d30bec000-7f7d30dab000 r-xp 00000000 08:12 4456538                    /lib/x86_64-linux-gnu/libc-2.23.so
7f7d30dab000-7f7d30fab000 ---p 001bf000 08:12 4456538                    /lib/x86_64-linux-gnu/libc-2.23.so
7f7d30fab000-7f7d30faf000 r--p 001bf000 08:12 4456538                    /lib/x86_64-linux-gnu/libc-2.23.so
7f7d30faf000-7f7d30fb1000 rw-p 001c3000 08:12 4456538                    /lib/x86_64-linux-gnu/libc-2.23.so
7f7d30fb1000-7f7d30fb5000 rw-p 00000000 00:00 0 
7f7d30fb5000-7f7d30fc3000 r-xp 00000000 08:12 1845982                    /usr/lib/jvm/java-9-openjdk-amd64/lib/amd64/jli/libjli.so
7f7d30fc3000-7f7d311c2000 ---p 0000e000 08:12 1845982                    /usr/lib/jvm/java-9-openjdk-amd64/lib/amd64/jli/libjli.so
7f7d311c2000-7f7d311c3000 r--p 0000d000 08:12 1845982                    /usr/lib/jvm/java-9-openjdk-amd64/lib/amd64/jli/libjli.so
7f7d311c3000-7f7d311c4000 rw-p 0000e000 08:12 1845982                    /usr/lib/jvm/java-9-openjdk-amd64/lib/amd64/jli/libjli.so
7f7d311c4000-7f7d311ea000 r-xp 00000000 08:12 4456453                    /lib/x86_64-linux-gnu/ld-2.23.so
7f7d311ea000-7f7d311eb000 r--s 00000000 08:12 264171                     /var/cache/fontconfig/8a687c406b77f27d99abfeeba937fcce-le64.cache-6
7f7d311eb000-7f7d311ec000 r--s 00000000 08:12 264493                     /var/cache/fontconfig/30829fa25452a46451e813d634d7f916-le64.cache-6
7f7d311ec000-7f7d311f7000 r--s 00000000 08:12 264488                     /var/cache/fontconfig/83bf95040141907cd45bb53cf7c1c148-le64.cache-6
7f7d311f7000-7f7d31200000 r--s 00000000 08:12 264108                     /var/cache/fontconfig/d0972c3d32f097851eb916381fc38920-le64.cache-6
7f7d31200000-7f7d31203000 r--s 00000000 08:12 262332                     /var/cache/fontconfig/e13b20fdb08344e0e664864cc2ede53d-le64.cache-6
7f7d31203000-7f7d31207000 r--s 00000000 08:12 264080                     /var/cache/fontconfig/7ef2298fde41cc6eeb7af42e48b7d293-le64.cache-6
7f7d31207000-7f7d31228000 r--p 00000000 08:12 2495001                    /usr/share/locale-langpack/zh_CN/LC_MESSAGES/libc.mo
7f7d31228000-7f7d312c2000 rw-p 00000000 00:00 0 
7f7d312c2000-7f7d312c6000 ---p 00000000 00:00 0 
7f7d312c6000-7f7d313c8000 rw-p 00000000 00:00 0 
7f7d313c8000-7f7d313c9000 r--s 00000000 08:12 264492                     /var/cache/fontconfig/0c9eb80ebd1c36541ebe2852d3bb0c49-le64.cache-6
7f7d313c9000-7f7d313ca000 r--s 00000000 08:12 264099                     /var/cache/fontconfig/c277e94e32b20404286a1ddafa5a80f0-le64.cache-6
7f7d313ca000-7f7d313d1000 r--s 00000000 08:12 2104283                    /usr/lib/x86_64-linux-gnu/gconv/gconv-modules.cache
7f7d313d1000-7f7d313d6000 rw-p 00000000 00:00 0 
7f7d313d6000-7f7d313dd000 ---p 00000000 00:00 0 
7f7d313dd000-7f7d313e5000 rw-s 00000000 08:12 4194348                    /tmp/hsperfdata_haowei/5175
7f7d313e5000-7f7d313e6000 rw-p 00000000 00:00 0 
7f7d313e6000-7f7d313e7000 r--p 00000000 00:00 0 
7f7d313e7000-7f7d313e9000 rw-p 00000000 00:00 0 
7f7d313e9000-7f7d313ea000 r--p 00025000 08:12 4456453                    /lib/x86_64-linux-gnu/ld-2.23.so
7f7d313ea000-7f7d313eb000 rw-p 00026000 08:12 4456453                    /lib/x86_64-linux-gnu/ld-2.23.so
7f7d313eb000-7f7d313ec000 rw-p 00000000 00:00 0 
7ffd82244000-7ffd82265000 rw-p 00000000 00:00 0                          [stack]
7ffd8233e000-7ffd82340000 r--p 00000000 00:00 0                          [vvar]
7ffd82340000-7ffd82342000 r-xp 00000000 00:00 0                          [vdso]
ffffffffff600000-ffffffffff601000 r-xp 00000000 00:00 0                  [vsyscall]

VM Arguments:
java_command: spmf.jar
java_class_path (initial): spmf.jar
Launcher Type: SUN_STANDARD

Environment Variables:
PATH=/usr/local/sbin:/usr/local/bin:/usr/sbin:/usr/bin:/sbin:/bin:/usr/games:/usr/local/games
SHELL=/usr/bin/fish
DISPLAY=localhost:11.0

Signal Handlers:
SIGSEGV: [libjvm.so+0xc12c20], sa_mask[0]=11111111011111111101111111111110, sa_flags=SA_RESTART|SA_SIGINFO
SIGBUS: [libjvm.so+0xc12c20], sa_mask[0]=11111111011111111101111111111110, sa_flags=SA_RESTART|SA_SIGINFO
SIGFPE: [libjvm.so+0xc12c20], sa_mask[0]=11111111011111111101111111111110, sa_flags=SA_RESTART|SA_SIGINFO
SIGPIPE: [libjvm.so+0xa3b600], sa_mask[0]=11111111011111111101111111111110, sa_flags=SA_RESTART|SA_SIGINFO
SIGXFSZ: [libjvm.so+0xa3b600], sa_mask[0]=11111111011111111101111111111110, sa_flags=SA_RESTART|SA_SIGINFO
SIGILL: [libjvm.so+0xc12c20], sa_mask[0]=11111111011111111101111111111110, sa_flags=SA_RESTART|SA_SIGINFO
SIGUSR2: [libjvm.so+0xa3b4a0], sa_mask[0]=00000000000000000000000000000000, sa_flags=SA_RESTART|SA_SIGINFO
SIGHUP: [libjvm.so+0xa3b870], sa_mask[0]=11111111011111111101111111111110, sa_flags=SA_RESTART|SA_SIGINFO
SIGINT: [libjvm.so+0xa3b870], sa_mask[0]=11111111011111111101111111111110, sa_flags=SA_RESTART|SA_SIGINFO
SIGTERM: [libjvm.so+0xa3b870], sa_mask[0]=11111111011111111101111111111110, sa_flags=SA_RESTART|SA_SIGINFO
SIGQUIT: [libjvm.so+0xa3b870], sa_mask[0]=11111111011111111101111111111110, sa_flags=SA_RESTART|SA_SIGINFO


---------------  S Y S T E M  ---------------

OS:DISTRIB_ID=Ubuntu
DISTRIB_RELEASE=16.04
DISTRIB_CODENAME=xenial
DISTRIB_DESCRIPTION="Ubuntu 16.04.1 LTS"
uname:Linux 4.4.0-57-generic #78-Ubuntu SMP Fri Dec 9 23:50:32 UTC 2016 x86_64
libc:glibc 2.23 NPTL 2.23 
rlimit: STACK 8192k, CORE 0k, NPROC 62762, NOFILE 65536, AS infinity
load average:0.26 0.16 0.16

/proc/meminfo:
MemTotal:       16313884 kB
MemFree:          166404 kB
MemAvailable:   14252400 kB
Buffers:         4399456 kB
Cached:          9833076 kB
SwapCached:            0 kB
Active:          1924940 kB
Inactive:       13775080 kB
Active(anon):    1018164 kB
Inactive(anon):   490704 kB
Active(file):     906776 kB
Inactive(file): 13284376 kB
Unevictable:           0 kB
Mlocked:               0 kB
SwapTotal:      16658428 kB
SwapFree:       16658428 kB
Dirty:               160 kB
Writeback:             0 kB
AnonPages:       1459344 kB
Mapped:           412180 kB
Shmem:             41484 kB
Slab:             276764 kB
SReclaimable:     232120 kB
SUnreclaim:        44644 kB
KernelStack:       10768 kB
PageTables:        41060 kB
NFS_Unstable:          0 kB
Bounce:                0 kB
WritebackTmp:          0 kB
CommitLimit:    24815368 kB
Committed_AS:    5468532 kB
VmallocTotal:   34359738367 kB
VmallocUsed:           0 kB
VmallocChunk:          0 kB
HardwareCorrupted:     0 kB
AnonHugePages:    491520 kB
CmaTotal:              0 kB
CmaFree:               0 kB
HugePages_Total:       0
HugePages_Free:        0
HugePages_Rsvd:        0
HugePages_Surp:        0
Hugepagesize:       2048 kB
DirectMap4k:      236064 kB
DirectMap2M:     5937152 kB
DirectMap1G:    10485760 kB


CPU:total 8 (4 cores per cpu, 2 threads per core) family 6 model 60 stepping 3, cmov, cx8, fxsr, mmx, sse, sse2, sse3, ssse3, sse4.1, sse4.2, popcnt, avx, avx2, aes, clmul, erms, lzcnt, ht, tsc, tscinvbit, bmi1, bmi2

CPU Model and flags from /proc/cpuinfo:
model name	: Intel(R) Core(TM) i7-4800MQ CPU @ 2.70GHz
flags		: fpu vme de pse tsc msr pae mce cx8 apic sep mtrr pge mca cmov pat pse36 clflush dts acpi mmx fxsr sse sse2 ss ht tm pbe syscall nx pdpe1gb rdtscp lm constant_tsc arch_perfmon pebs bts rep_good nopl xtopology nonstop_tsc aperfmperf eagerfpu pni pclmulqdq dtes64 monitor ds_cpl vmx smx est tm2 ssse3 sdbg fma cx16 xtpr pdcm pcid sse4_1 sse4_2 x2apic movbe popcnt tsc_deadline_timer aes xsave avx f16c rdrand lahf_lm abm epb tpr_shadow vnmi flexpriority ept vpid fsgsbase tsc_adjust bmi1 avx2 smep bmi2 erms invpcid xsaveopt dtherm ida arat pln pts

Memory: 4k page, physical 16313884k(166404k free), swap 16658428k(16658428k free)

vm_info: OpenJDK 64-Bit Server VM (9-internal+0-2016-04-14-195246.buildd.src) for linux-amd64 JRE (9-internal+0-2016-04-14-195246.buildd.src), built on Apr 14 2016 20:05:37 by "buildd" with gcc 5.3.1 20160413

END.
